Using pre-set license
Built from '2020.3/release' branch; Version is '2020.3.2f1 (8fd9074bf66c) revision 9427207'; Using compiler version '192528614'; Build Type 'Release'
OS: 'Windows 10 Pro; OS build 19043.1110; Version 2009; 64bit' Language: 'ru' Physical Memory: 8174 MB
BatchMode: 1, IsHumanControllingUs: 0, StartBugReporterOnCrash: 0, Is64bit: 1, IsPro: 0

 COMMAND LINE ARGUMENTS:
C:\Program Files\Unity\Hub\Editor\2020.3.2f1\Editor\Unity.exe
-adb2
-batchMode
-noUpm
-name
AssetImportWorker0
-projectPath
C:/Users/Lemur/HW5_1
-logFile
Logs/AssetImportWorker0.log
-srvPort
57792
Successfully changed project path to: C:/Users/Lemur/HW5_1
C:/Users/Lemur/HW5_1
Using Asset Import Pipeline V2.
Refreshing native plugins compatible for Editor in 68.52 ms, found 1 plugins.
Preloading 0 native plugins for Editor in 0.00 ms.
Initialize engine version: 2020.3.2f1 (8fd9074bf66c)
[Subsystems] Discovering subsystems at path C:/Program Files/Unity/Hub/Editor/2020.3.2f1/Editor/Data/Resources/UnitySubsystems
[Subsystems] Discovering subsystems at path C:/Users/Lemur/HW5_1/Assets
GfxDevice: creating device client; threaded=0
Direct3D:
    Version:  Direct3D 11.0 [level 11.1]
    Renderer: Radeon (TM) RX 470 Graphics (ID=0x67df)
    Vendor:   
    VRAM:     4075 MB
    Driver:   27.20.14501.28009
Initialize mono
Mono path[0] = 'C:/Program Files/Unity/Hub/Editor/2020.3.2f1/Editor/Data/Managed'
Mono path[1] = 'C:/Program Files/Unity/Hub/Editor/2020.3.2f1/Editor/Data/MonoBleedingEdge/lib/mono/unityjit'
Mono config path = 'C:/Program Files/Unity/Hub/Editor/2020.3.2f1/Editor/Data/MonoBleedingEdge/etc'
Using monoOptions --debugger-agent=transport=dt_socket,embedding=1,server=y,suspend=n,address=127.0.0.1:56480
Begin MonoManager ReloadAssembly
Registering precompiled unity dll's ...
Register platform support module: C:/Program Files/Unity/Hub/Editor/2020.3.2f1/Editor/Data/PlaybackEngines/WindowsStandaloneSupport/UnityEditor.WindowsStandalone.Extensions.dll
Registered in 0.003858 seconds.
Native extension for WindowsStandalone target not found
Refreshing native plugins compatible for Editor in 62.64 ms, found 1 plugins.
Preloading 0 native plugins for Editor in 0.00 ms.
Invoked RoslynAnalysisRunner static constructor.
RoslynAnalysisRunner will not be running.
RoslynAnalysisRunner has terminated.
Mono: successfully reloaded assembly
- Completed reload, in  2.315 seconds
Platform modules already initialized, skipping
Registering precompiled user dll's ...
Registered in 0.001607 seconds.
Begin MonoManager ReloadAssembly
Native extension for WindowsStandalone target not found
Refreshing native plugins compatible for Editor in 76.96 ms, found 1 plugins.
Preloading 0 native plugins for Editor in 0.00 ms.
Invoked RoslynAnalysisRunner static constructor.
RoslynAnalysisRunner will not be running.
RoslynAnalysisRunner has terminated.
Mono: successfully reloaded assembly
- Completed reload, in  1.747 seconds
Platform modules already initialized, skipping
========================================================================
Worker process is ready to serve import requests
Launched and connected shader compiler UnityShaderCompiler.exe after 0.09 seconds
Refreshing native plugins compatible for Editor in 0.64 ms, found 1 plugins.
Preloading 0 native plugins for Editor in 0.00 ms.
Unloading 1816 Unused Serialized files (Serialized files now loaded: 0)
System memory in use before: 85.1 MB.
System memory in use after: 85.1 MB.

Unloading 21 unused Assets to reduce memory usage. Loaded Objects now: 2261.
Total: 3.463400 ms (FindLiveObjects: 0.429000 ms CreateObjectMapping: 0.123100 ms MarkObjects: 2.765400 ms  DeleteObjects: 0.144800 ms)

========================================================================
Received Import Request.
  path: Assets/Scripts/Player/PlayerInput.cs
  artifactKey: Guid(72f5a09ac3ac62c44bc648c07e2c8a52) Importer(815301076,1909f56bfc062723c751e8b465ee728b)
Start importing Assets/Scripts/Player/PlayerInput.cs using Guid(72f5a09ac3ac62c44bc648c07e2c8a52) Importer(815301076,1909f56bfc062723c751e8b465ee728b)  -> (artifact id: '1dce32cf0eeeb470a40dc8eb67353a1a') in 0.053988 seconds
  Import took 0.059729 seconds .

========================================================================
Received Prepare
Registering precompiled user dll's ...
Registered in 0.002455 seconds.
Begin MonoManager ReloadAssembly
Native extension for WindowsStandalone target not found
Refreshing native plugins compatible for Editor in 0.63 ms, found 1 plugins.
Preloading 0 native plugins for Editor in 0.00 ms.
Invoked RoslynAnalysisRunner static constructor.
RoslynAnalysisRunner will not be running.
RoslynAnalysisRunner has terminated.
Mono: successfully reloaded assembly
- Completed reload, in  1.788 seconds
Platform modules already initialized, skipping
Refreshing native plugins compatible for Editor in 0.59 ms, found 1 plugins.
Preloading 0 native plugins for Editor in 0.00 ms.
Unloading 1808 Unused Serialized files (Serialized files now loaded: 0)
System memory in use before: 84.7 MB.
System memory in use after: 84.8 MB.

Unloading 9 unused Assets to reduce memory usage. Loaded Objects now: 2265.
Total: 4.264100 ms (FindLiveObjects: 0.434800 ms CreateObjectMapping: 0.122700 ms MarkObjects: 3.607300 ms  DeleteObjects: 0.097900 ms)

========================================================================
Received Import Request.
  Time since last request: 629.450461 seconds.
  path: Assets/Scripts/Player/PlayerInput.cs
  artifactKey: Guid(72f5a09ac3ac62c44bc648c07e2c8a52) Importer(815301076,1909f56bfc062723c751e8b465ee728b)
Start importing Assets/Scripts/Player/PlayerInput.cs using Guid(72f5a09ac3ac62c44bc648c07e2c8a52) Importer(815301076,1909f56bfc062723c751e8b465ee728b)  -> (artifact id: '8a0b4cc3438105c48108ccaffef8e16d') in 0.007266 seconds
  Import took 0.011990 seconds .

========================================================================
Received Import Request.
  Time since last request: 0.000722 seconds.
  path: Assets/Scripts/Player/PlayerInput.cs
  artifactKey: Guid(72f5a09ac3ac62c44bc648c07e2c8a52) Importer(815301076,1909f56bfc062723c751e8b465ee728b)
Start importing Assets/Scripts/Player/PlayerInput.cs using Guid(72f5a09ac3ac62c44bc648c07e2c8a52) Importer(815301076,1909f56bfc062723c751e8b465ee728b)  -> (artifact id: '8a0b4cc3438105c48108ccaffef8e16d') in 0.003299 seconds
  Import took 0.007233 seconds .

========================================================================
Received Prepare
Registering precompiled user dll's ...
Registered in 0.001969 seconds.
Begin MonoManager ReloadAssembly
Native extension for WindowsStandalone target not found
Refreshing native plugins compatible for Editor in 0.58 ms, found 1 plugins.
Preloading 0 native plugins for Editor in 0.00 ms.
Invoked RoslynAnalysisRunner static constructor.
RoslynAnalysisRunner will not be running.
RoslynAnalysisRunner has terminated.
Mono: successfully reloaded assembly
- Completed reload, in  1.660 seconds
Platform modules already initialized, skipping
Refreshing native plugins compatible for Editor in 0.49 ms, found 1 plugins.
Preloading 0 native plugins for Editor in 0.00 ms.
Unloading 1808 Unused Serialized files (Serialized files now loaded: 0)
System memory in use before: 84.8 MB.
System memory in use after: 84.8 MB.

Unloading 9 unused Assets to reduce memory usage. Loaded Objects now: 2269.
Total: 3.051700 ms (FindLiveObjects: 0.384200 ms CreateObjectMapping: 0.108500 ms MarkObjects: 2.455200 ms  DeleteObjects: 0.102200 ms)

========================================================================
Received Prepare
Registering precompiled user dll's ...
Registered in 0.002095 seconds.
Begin MonoManager ReloadAssembly
Native extension for WindowsStandalone target not found
Refreshing native plugins compatible for Editor in 0.54 ms, found 1 plugins.
Preloading 0 native plugins for Editor in 0.00 ms.
Invoked RoslynAnalysisRunner static constructor.
RoslynAnalysisRunner will not be running.
RoslynAnalysisRunner has terminated.
Mono: successfully reloaded assembly
- Completed reload, in  1.645 seconds
Platform modules already initialized, skipping
Refreshing native plugins compatible for Editor in 0.62 ms, found 1 plugins.
Preloading 0 native plugins for Editor in 0.00 ms.
Unloading 1808 Unused Serialized files (Serialized files now loaded: 0)
System memory in use before: 84.8 MB.
System memory in use after: 84.9 MB.

Unloading 9 unused Assets to reduce memory usage. Loaded Objects now: 2273.
Total: 4.017200 ms (FindLiveObjects: 0.474200 ms CreateObjectMapping: 0.186200 ms MarkObjects: 3.201500 ms  DeleteObjects: 0.153200 ms)

========================================================================
Received Prepare
Registering precompiled user dll's ...
Registered in 0.004537 seconds.
Begin MonoManager ReloadAssembly
Native extension for WindowsStandalone target not found
Refreshing native plugins compatible for Editor in 0.54 ms, found 1 plugins.
Preloading 0 native plugins for Editor in 0.00 ms.
Invoked RoslynAnalysisRunner static constructor.
RoslynAnalysisRunner will not be running.
RoslynAnalysisRunner has terminated.
Mono: successfully reloaded assembly
- Completed reload, in  1.747 seconds
Platform modules already initialized, skipping
Refreshing native plugins compatible for Editor in 0.51 ms, found 1 plugins.
Preloading 0 native plugins for Editor in 0.00 ms.
Unloading 1808 Unused Serialized files (Serialized files now loaded: 0)
System memory in use before: 84.8 MB.
System memory in use after: 84.9 MB.

Unloading 9 unused Assets to reduce memory usage. Loaded Objects now: 2277.
Total: 3.150400 ms (FindLiveObjects: 0.313000 ms CreateObjectMapping: 0.092200 ms MarkObjects: 2.638300 ms  DeleteObjects: 0.105200 ms)

========================================================================
Received Prepare
Registering precompiled user dll's ...
Registered in 0.002969 seconds.
Begin MonoManager ReloadAssembly
Native extension for WindowsStandalone target not found
Refreshing native plugins compatible for Editor in 0.61 ms, found 1 plugins.
Preloading 0 native plugins for Editor in 0.00 ms.
Invoked RoslynAnalysisRunner static constructor.
RoslynAnalysisRunner will not be running.
RoslynAnalysisRunner has terminated.
Mono: successfully reloaded assembly
- Completed reload, in  1.727 seconds
Platform modules already initialized, skipping
Refreshing native plugins compatible for Editor in 0.52 ms, found 1 plugins.
Preloading 0 native plugins for Editor in 0.00 ms.
Unloading 1808 Unused Serialized files (Serialized files now loaded: 0)
System memory in use before: 84.8 MB.
System memory in use after: 84.9 MB.

Unloading 9 unused Assets to reduce memory usage. Loaded Objects now: 2281.
Total: 2.947300 ms (FindLiveObjects: 0.382400 ms CreateObjectMapping: 0.103300 ms MarkObjects: 2.366900 ms  DeleteObjects: 0.093500 ms)

========================================================================
Received Prepare
Registering precompiled user dll's ...
Registered in 0.001884 seconds.
Begin MonoManager ReloadAssembly
Native extension for WindowsStandalone target not found
Refreshing native plugins compatible for Editor in 0.66 ms, found 1 plugins.
Preloading 0 native plugins for Editor in 0.00 ms.
Invoked RoslynAnalysisRunner static constructor.
RoslynAnalysisRunner will not be running.
RoslynAnalysisRunner has terminated.
Mono: successfully reloaded assembly
- Completed reload, in  1.701 seconds
Platform modules already initialized, skipping
Refreshing native plugins compatible for Editor in 0.54 ms, found 1 plugins.
Preloading 0 native plugins for Editor in 0.00 ms.
Unloading 1808 Unused Serialized files (Serialized files now loaded: 0)
System memory in use before: 84.8 MB.
System memory in use after: 84.9 MB.

Unloading 9 unused Assets to reduce memory usage. Loaded Objects now: 2285.
Total: 2.689300 ms (FindLiveObjects: 0.321300 ms CreateObjectMapping: 0.092900 ms MarkObjects: 2.158700 ms  DeleteObjects: 0.114400 ms)

========================================================================
Received Import Request.
  Time since last request: 1049.890891 seconds.
  path: Assets/Scripts/Player/PlayerMover.cs
  artifactKey: Guid(e18d29c6001df3b4f9bc4370a60babee) Importer(815301076,1909f56bfc062723c751e8b465ee728b)
Start importing Assets/Scripts/Player/PlayerMover.cs using Guid(e18d29c6001df3b4f9bc4370a60babee) Importer(815301076,1909f56bfc062723c751e8b465ee728b)  -> (artifact id: '4b4dfb598ed9ccb2369979056470f2a0') in 0.008460 seconds
  Import took 0.013446 seconds .

========================================================================
Received Import Request.
  Time since last request: 5.005536 seconds.
  path: Assets/Scripts/Player/PlayerMove.cs
  artifactKey: Guid(e18d29c6001df3b4f9bc4370a60babee) Importer(815301076,1909f56bfc062723c751e8b465ee728b)
Start importing Assets/Scripts/Player/PlayerMove.cs using Guid(e18d29c6001df3b4f9bc4370a60babee) Importer(815301076,1909f56bfc062723c751e8b465ee728b)  -> (artifact id: '5813e600eadd31aed33fda1773a9e72d') in 0.013118 seconds
  Import took 0.018527 seconds .

========================================================================
Received Import Request.
  Time since last request: 2.210598 seconds.
  path: Assets/Scripts/Player/PlayerAnimator.cs
  artifactKey: Guid(0ea449ad3d0ee4941973c9dc647a2f95) Importer(815301076,1909f56bfc062723c751e8b465ee728b)
Start importing Assets/Scripts/Player/PlayerAnimator.cs using Guid(0ea449ad3d0ee4941973c9dc647a2f95) Importer(815301076,1909f56bfc062723c751e8b465ee728b)  -> (artifact id: 'e63b60c71470c3d60feadb49faf80d55') in 0.011539 seconds
  Import took 0.017082 seconds .

========================================================================
Received Import Request.
  Time since last request: 7.828741 seconds.
  path: Assets/Scripts/Player/PlayerAnimation.cs
  artifactKey: Guid(0ea449ad3d0ee4941973c9dc647a2f95) Importer(815301076,1909f56bfc062723c751e8b465ee728b)
Start importing Assets/Scripts/Player/PlayerAnimation.cs using Guid(0ea449ad3d0ee4941973c9dc647a2f95) Importer(815301076,1909f56bfc062723c751e8b465ee728b)  -> (artifact id: '741ac6b29ed69d2d6385f750f2ee187d') in 0.015681 seconds
  Import took 0.021851 seconds .

========================================================================
Received Prepare
Registering precompiled user dll's ...
Registered in 0.002153 seconds.
Begin MonoManager ReloadAssembly
Native extension for WindowsStandalone target not found
Refreshing native plugins compatible for Editor in 0.65 ms, found 1 plugins.
Preloading 0 native plugins for Editor in 0.00 ms.
Invoked RoslynAnalysisRunner static constructor.
RoslynAnalysisRunner will not be running.
RoslynAnalysisRunner has terminated.
Mono: successfully reloaded assembly
- Completed reload, in  1.780 seconds
Platform modules already initialized, skipping
Refreshing native plugins compatible for Editor in 0.58 ms, found 1 plugins.
Preloading 0 native plugins for Editor in 0.00 ms.
Unloading 1808 Unused Serialized files (Serialized files now loaded: 0)
System memory in use before: 84.8 MB.
System memory in use after: 84.9 MB.

Unloading 9 unused Assets to reduce memory usage. Loaded Objects now: 2289.
Total: 3.617600 ms (FindLiveObjects: 0.399000 ms CreateObjectMapping: 0.114800 ms MarkObjects: 2.969600 ms  DeleteObjects: 0.131800 ms)

========================================================================
Received Prepare
Registering precompiled user dll's ...
Registered in 0.001881 seconds.
Begin MonoManager ReloadAssembly
Native extension for WindowsStandalone target not found
Refreshing native plugins compatible for Editor in 0.59 ms, found 1 plugins.
Preloading 0 native plugins for Editor in 0.00 ms.
Invoked RoslynAnalysisRunner static constructor.
RoslynAnalysisRunner will not be running.
RoslynAnalysisRunner has terminated.
Mono: successfully reloaded assembly
- Completed reload, in  1.604 seconds
Platform modules already initialized, skipping
Refreshing native plugins compatible for Editor in 0.47 ms, found 1 plugins.
Preloading 0 native plugins for Editor in 0.00 ms.
Unloading 1808 Unused Serialized files (Serialized files now loaded: 0)
System memory in use before: 84.8 MB.
System memory in use after: 84.9 MB.

Unloading 9 unused Assets to reduce memory usage. Loaded Objects now: 2293.
Total: 2.804900 ms (FindLiveObjects: 0.337500 ms CreateObjectMapping: 0.118600 ms MarkObjects: 2.253200 ms  DeleteObjects: 0.094400 ms)

========================================================================
Received Prepare
Registering precompiled user dll's ...
Registered in 0.002282 seconds.
Begin MonoManager ReloadAssembly
Native extension for WindowsStandalone target not found
Refreshing native plugins compatible for Editor in 0.68 ms, found 1 plugins.
Preloading 0 native plugins for Editor in 0.00 ms.
Invoked RoslynAnalysisRunner static constructor.
RoslynAnalysisRunner will not be running.
RoslynAnalysisRunner has terminated.
Mono: successfully reloaded assembly
- Completed reload, in  1.904 seconds
Platform modules already initialized, skipping
Refreshing native plugins compatible for Editor in 0.58 ms, found 1 plugins.
Preloading 0 native plugins for Editor in 0.00 ms.
Unloading 1808 Unused Serialized files (Serialized files now loaded: 0)
System memory in use before: 84.9 MB.
System memory in use after: 84.9 MB.

Unloading 9 unused Assets to reduce memory usage. Loaded Objects now: 2297.
Total: 3.563300 ms (FindLiveObjects: 0.580700 ms CreateObjectMapping: 0.121100 ms MarkObjects: 2.731800 ms  DeleteObjects: 0.128100 ms)

========================================================================
Received Prepare
Registering precompiled user dll's ...
Registered in 0.001829 seconds.
Begin MonoManager ReloadAssembly
Native extension for WindowsStandalone target not found
Refreshing native plugins compatible for Editor in 0.55 ms, found 1 plugins.
Preloading 0 native plugins for Editor in 0.00 ms.
Invoked RoslynAnalysisRunner static constructor.
RoslynAnalysisRunner will not be running.
RoslynAnalysisRunner has terminated.
Mono: successfully reloaded assembly
- Completed reload, in  1.674 seconds
Platform modules already initialized, skipping
Refreshing native plugins compatible for Editor in 0.59 ms, found 1 plugins.
Preloading 0 native plugins for Editor in 0.00 ms.
Unloading 1808 Unused Serialized files (Serialized files now loaded: 0)
System memory in use before: 84.9 MB.
System memory in use after: 84.9 MB.

Unloading 9 unused Assets to reduce memory usage. Loaded Objects now: 2301.
Total: 3.075200 ms (FindLiveObjects: 0.362600 ms CreateObjectMapping: 0.113100 ms MarkObjects: 2.482900 ms  DeleteObjects: 0.115000 ms)

========================================================================
Received Prepare
Registering precompiled user dll's ...
Registered in 0.001977 seconds.
Begin MonoManager ReloadAssembly
Native extension for WindowsStandalone target not found
Refreshing native plugins compatible for Editor in 0.74 ms, found 1 plugins.
Preloading 0 native plugins for Editor in 0.00 ms.
Invoked RoslynAnalysisRunner static constructor.
RoslynAnalysisRunner will not be running.
RoslynAnalysisRunner has terminated.
Mono: successfully reloaded assembly
- Completed reload, in  1.805 seconds
Platform modules already initialized, skipping
Refreshing native plugins compatible for Editor in 0.63 ms, found 1 plugins.
Preloading 0 native plugins for Editor in 0.00 ms.
Unloading 1808 Unused Serialized files (Serialized files now loaded: 0)
System memory in use before: 84.9 MB.
System memory in use after: 84.9 MB.

Unloading 9 unused Assets to reduce memory usage. Loaded Objects now: 2305.
Total: 3.061900 ms (FindLiveObjects: 0.352800 ms CreateObjectMapping: 0.105400 ms MarkObjects: 2.494400 ms  DeleteObjects: 0.108100 ms)

========================================================================
Received Import Request.
  Time since last request: 2475.540709 seconds.
  path: Assets/Scripts/Player/PlayerAnimation.cs
  artifactKey: Guid(0ea449ad3d0ee4941973c9dc647a2f95) Importer(815301076,1909f56bfc062723c751e8b465ee728b)
Start importing Assets/Scripts/Player/PlayerAnimation.cs using Guid(0ea449ad3d0ee4941973c9dc647a2f95) Importer(815301076,1909f56bfc062723c751e8b465ee728b)  -> (artifact id: 'aa0cd61f53ed66f3a2c717c94e5138ec') in 0.006671 seconds
  Import took 0.010577 seconds .

========================================================================
Received Prepare
Registering precompiled user dll's ...
Registered in 0.001882 seconds.
Begin MonoManager ReloadAssembly
Native extension for WindowsStandalone target not found
Refreshing native plugins compatible for Editor in 0.65 ms, found 1 plugins.
Preloading 0 native plugins for Editor in 0.00 ms.
Invoked RoslynAnalysisRunner static constructor.
RoslynAnalysisRunner will not be running.
RoslynAnalysisRunner has terminated.
Mono: successfully reloaded assembly
- Completed reload, in  1.785 seconds
Platform modules already initialized, skipping
Refreshing native plugins compatible for Editor in 0.65 ms, found 1 plugins.
Preloading 0 native plugins for Editor in 0.00 ms.
Unloading 1808 Unused Serialized files (Serialized files now loaded: 0)
System memory in use before: 84.9 MB.
System memory in use after: 84.9 MB.

Unloading 9 unused Assets to reduce memory usage. Loaded Objects now: 2309.
Total: 3.242800 ms (FindLiveObjects: 0.389300 ms CreateObjectMapping: 0.117600 ms MarkObjects: 2.637200 ms  DeleteObjects: 0.096700 ms)

========================================================================
Received Import Request.
  Time since last request: 47.314069 seconds.
  path: Assets/Scripts/Player/PlayerAnimation.cs
  artifactKey: Guid(0ea449ad3d0ee4941973c9dc647a2f95) Importer(815301076,1909f56bfc062723c751e8b465ee728b)
Start importing Assets/Scripts/Player/PlayerAnimation.cs using Guid(0ea449ad3d0ee4941973c9dc647a2f95) Importer(815301076,1909f56bfc062723c751e8b465ee728b)  -> (artifact id: '3242918e9f484b99651d29e604daf1a4') in 0.008333 seconds
  Import took 0.012961 seconds .

========================================================================
Received Prepare
Registering precompiled user dll's ...
Registered in 0.001779 seconds.
Begin MonoManager ReloadAssembly
Native extension for WindowsStandalone target not found
Refreshing native plugins compatible for Editor in 0.63 ms, found 1 plugins.
Preloading 0 native plugins for Editor in 0.00 ms.
Invoked RoslynAnalysisRunner static constructor.
RoslynAnalysisRunner will not be running.
RoslynAnalysisRunner has terminated.
Mono: successfully reloaded assembly
- Completed reload, in  1.744 seconds
Platform modules already initialized, skipping
Refreshing native plugins compatible for Editor in 0.63 ms, found 1 plugins.
Preloading 0 native plugins for Editor in 0.00 ms.
Unloading 1808 Unused Serialized files (Serialized files now loaded: 0)
System memory in use before: 84.9 MB.
System memory in use after: 85.0 MB.

Unloading 9 unused Assets to reduce memory usage. Loaded Objects now: 2313.
Total: 3.535000 ms (FindLiveObjects: 0.453900 ms CreateObjectMapping: 0.123100 ms MarkObjects: 2.852900 ms  DeleteObjects: 0.103300 ms)

========================================================================
Received Prepare
Registering precompiled user dll's ...
Registered in 0.001848 seconds.
Begin MonoManager ReloadAssembly
Native extension for WindowsStandalone target not found
Refreshing native plugins compatible for Editor in 0.65 ms, found 1 plugins.
Preloading 0 native plugins for Editor in 0.00 ms.
Invoked RoslynAnalysisRunner static constructor.
RoslynAnalysisRunner will not be running.
RoslynAnalysisRunner has terminated.
Mono: successfully reloaded assembly
- Completed reload, in  1.782 seconds
Platform modules already initialized, skipping
Refreshing native plugins compatible for Editor in 0.56 ms, found 1 plugins.
Preloading 0 native plugins for Editor in 0.00 ms.
Unloading 1808 Unused Serialized files (Serialized files now loaded: 0)
System memory in use before: 84.9 MB.
System memory in use after: 85.0 MB.

Unloading 9 unused Assets to reduce memory usage. Loaded Objects now: 2317.
Total: 2.908100 ms (FindLiveObjects: 0.331400 ms CreateObjectMapping: 0.099900 ms MarkObjects: 2.372900 ms  DeleteObjects: 0.102600 ms)

AssetImportWorkerClient::OnTransportError - code=2 error=End of file
