Using pre-set license
Built from '2020.3/release' branch; Version is '2020.3.2f1 (8fd9074bf66c) revision 9427207'; Using compiler version '192528614'; Build Type 'Release'
OS: 'Windows 10 Pro; OS build 19043.1110; Version 2009; 64bit' Language: 'ru' Physical Memory: 8174 MB
BatchMode: 1, IsHumanControllingUs: 0, StartBugReporterOnCrash: 0, Is64bit: 1, IsPro: 0

 COMMAND LINE ARGUMENTS:
C:\Program Files\Unity\Hub\Editor\2020.3.2f1\Editor\Unity.exe
-adb2
-batchMode
-noUpm
-name
AssetImportWorker0
-projectPath
C:/Users/Lemur/HW5_1
-logFile
Logs/AssetImportWorker0.log
-srvPort
54397
Successfully changed project path to: C:/Users/Lemur/HW5_1
C:/Users/Lemur/HW5_1
Using Asset Import Pipeline V2.
Refreshing native plugins compatible for Editor in 82.21 ms, found 1 plugins.
Preloading 0 native plugins for Editor in 0.00 ms.
Initialize engine version: 2020.3.2f1 (8fd9074bf66c)
[Subsystems] Discovering subsystems at path C:/Program Files/Unity/Hub/Editor/2020.3.2f1/Editor/Data/Resources/UnitySubsystems
[Subsystems] Discovering subsystems at path C:/Users/Lemur/HW5_1/Assets
GfxDevice: creating device client; threaded=0
Direct3D:
    Version:  Direct3D 11.0 [level 11.1]
    Renderer: Radeon (TM) RX 470 Graphics (ID=0x67df)
    Vendor:   
    VRAM:     4075 MB
    Driver:   27.20.14501.28009
Initialize mono
Mono path[0] = 'C:/Program Files/Unity/Hub/Editor/2020.3.2f1/Editor/Data/Managed'
Mono path[1] = 'C:/Program Files/Unity/Hub/Editor/2020.3.2f1/Editor/Data/MonoBleedingEdge/lib/mono/unityjit'
Mono config path = 'C:/Program Files/Unity/Hub/Editor/2020.3.2f1/Editor/Data/MonoBleedingEdge/etc'
Using monoOptions --debugger-agent=transport=dt_socket,embedding=1,server=y,suspend=n,address=127.0.0.1:56536
Begin MonoManager ReloadAssembly
Registering precompiled unity dll's ...
Register platform support module: C:/Program Files/Unity/Hub/Editor/2020.3.2f1/Editor/Data/PlaybackEngines/WindowsStandaloneSupport/UnityEditor.WindowsStandalone.Extensions.dll
Registered in 0.004277 seconds.
Native extension for WindowsStandalone target not found
Refreshing native plugins compatible for Editor in 66.93 ms, found 1 plugins.
Preloading 0 native plugins for Editor in 0.00 ms.
Invoked RoslynAnalysisRunner static constructor.
RoslynAnalysisRunner will not be running.
RoslynAnalysisRunner has terminated.
Mono: successfully reloaded assembly
- Completed reload, in  2.294 seconds
Platform modules already initialized, skipping
Registering precompiled user dll's ...
Registered in 0.001989 seconds.
Begin MonoManager ReloadAssembly
Native extension for WindowsStandalone target not found
Refreshing native plugins compatible for Editor in 66.28 ms, found 1 plugins.
Preloading 0 native plugins for Editor in 0.00 ms.
Invoked RoslynAnalysisRunner static constructor.
RoslynAnalysisRunner will not be running.
RoslynAnalysisRunner has terminated.
Mono: successfully reloaded assembly
- Completed reload, in  1.871 seconds
Platform modules already initialized, skipping
========================================================================
Worker process is ready to serve import requests
Launched and connected shader compiler UnityShaderCompiler.exe after 0.10 seconds
Refreshing native plugins compatible for Editor in 0.61 ms, found 1 plugins.
Preloading 0 native plugins for Editor in 0.00 ms.
Unloading 1811 Unused Serialized files (Serialized files now loaded: 0)
System memory in use before: 85.0 MB.
System memory in use after: 85.0 MB.

Unloading 21 unused Assets to reduce memory usage. Loaded Objects now: 2256.
Total: 3.162900 ms (FindLiveObjects: 0.455100 ms CreateObjectMapping: 0.120000 ms MarkObjects: 2.446600 ms  DeleteObjects: 0.139800 ms)

========================================================================
Received Import Request.
  path: Assets/Scripts/Invisible.cs
  artifactKey: Guid(4ece5c3fa3e79d04396fe03f36a6da5a) Importer(815301076,1909f56bfc062723c751e8b465ee728b)
Start importing Assets/Scripts/Invisible.cs using Guid(4ece5c3fa3e79d04396fe03f36a6da5a) Importer(815301076,1909f56bfc062723c751e8b465ee728b)  -> (artifact id: '063623ee6521ba9acd9cacd95f6454c1') in 0.057816 seconds
  Import took 0.063678 seconds .

========================================================================
Received Import Request.
  Time since last request: 546.819047 seconds.
  path: Assets/Scripts/Rotate.cs
  artifactKey: Guid(4ece5c3fa3e79d04396fe03f36a6da5a) Importer(815301076,1909f56bfc062723c751e8b465ee728b)
Start importing Assets/Scripts/Rotate.cs using Guid(4ece5c3fa3e79d04396fe03f36a6da5a) Importer(815301076,1909f56bfc062723c751e8b465ee728b)  -> (artifact id: 'dc9daf1b431a954be98dbc8299a1d5f3') in 0.005616 seconds
  Import took 0.011515 seconds .

========================================================================
Received Prepare
Registering precompiled user dll's ...
Registered in 0.003120 seconds.
Begin MonoManager ReloadAssembly
Native extension for WindowsStandalone target not found
Refreshing native plugins compatible for Editor in 0.61 ms, found 1 plugins.
Preloading 0 native plugins for Editor in 0.00 ms.
Invoked RoslynAnalysisRunner static constructor.
RoslynAnalysisRunner will not be running.
RoslynAnalysisRunner has terminated.
Mono: successfully reloaded assembly
- Completed reload, in  1.592 seconds
Platform modules already initialized, skipping
Refreshing native plugins compatible for Editor in 0.52 ms, found 1 plugins.
Preloading 0 native plugins for Editor in 0.00 ms.
Unloading 1803 Unused Serialized files (Serialized files now loaded: 0)
System memory in use before: 84.7 MB.
System memory in use after: 84.7 MB.

Unloading 9 unused Assets to reduce memory usage. Loaded Objects now: 2260.
Total: 3.311500 ms (FindLiveObjects: 0.346400 ms CreateObjectMapping: 0.103400 ms MarkObjects: 2.750300 ms  DeleteObjects: 0.109400 ms)

========================================================================
Received Prepare
Registering precompiled user dll's ...
Registered in 0.002048 seconds.
Begin MonoManager ReloadAssembly
Native extension for WindowsStandalone target not found
Refreshing native plugins compatible for Editor in 0.63 ms, found 1 plugins.
Preloading 0 native plugins for Editor in 0.00 ms.
Invoked RoslynAnalysisRunner static constructor.
RoslynAnalysisRunner will not be running.
RoslynAnalysisRunner has terminated.
Mono: successfully reloaded assembly
- Completed reload, in  1.722 seconds
Platform modules already initialized, skipping
Refreshing native plugins compatible for Editor in 0.61 ms, found 1 plugins.
Preloading 0 native plugins for Editor in 0.00 ms.
Unloading 1804 Unused Serialized files (Serialized files now loaded: 0)
System memory in use before: 84.7 MB.
System memory in use after: 84.8 MB.

Unloading 9 unused Assets to reduce memory usage. Loaded Objects now: 2265.
Total: 3.142500 ms (FindLiveObjects: 0.384600 ms CreateObjectMapping: 0.111700 ms MarkObjects: 2.539800 ms  DeleteObjects: 0.104700 ms)

========================================================================
Received Prepare
Registering precompiled user dll's ...
Registered in 0.001820 seconds.
Begin MonoManager ReloadAssembly
Native extension for WindowsStandalone target not found
Refreshing native plugins compatible for Editor in 0.54 ms, found 1 plugins.
Preloading 0 native plugins for Editor in 0.00 ms.
Invoked RoslynAnalysisRunner static constructor.
RoslynAnalysisRunner will not be running.
RoslynAnalysisRunner has terminated.
Mono: successfully reloaded assembly
- Completed reload, in  1.512 seconds
Platform modules already initialized, skipping
Refreshing native plugins compatible for Editor in 0.53 ms, found 1 plugins.
Preloading 0 native plugins for Editor in 0.00 ms.
Unloading 1804 Unused Serialized files (Serialized files now loaded: 0)
System memory in use before: 84.8 MB.
System memory in use after: 84.8 MB.

Unloading 9 unused Assets to reduce memory usage. Loaded Objects now: 2269.
Total: 3.793200 ms (FindLiveObjects: 0.580600 ms CreateObjectMapping: 0.156200 ms MarkObjects: 2.942900 ms  DeleteObjects: 0.110700 ms)

========================================================================
Received Prepare
Registering precompiled user dll's ...
Registered in 0.002159 seconds.
Begin MonoManager ReloadAssembly
Native extension for WindowsStandalone target not found
Refreshing native plugins compatible for Editor in 0.54 ms, found 1 plugins.
Preloading 0 native plugins for Editor in 0.00 ms.
Invoked RoslynAnalysisRunner static constructor.
RoslynAnalysisRunner will not be running.
RoslynAnalysisRunner has terminated.
Mono: successfully reloaded assembly
- Completed reload, in  1.618 seconds
Platform modules already initialized, skipping
Refreshing native plugins compatible for Editor in 0.54 ms, found 1 plugins.
Preloading 0 native plugins for Editor in 0.00 ms.
Unloading 1804 Unused Serialized files (Serialized files now loaded: 0)
System memory in use before: 84.8 MB.
System memory in use after: 84.8 MB.

Unloading 9 unused Assets to reduce memory usage. Loaded Objects now: 2273.
Total: 2.935000 ms (FindLiveObjects: 0.343200 ms CreateObjectMapping: 0.105000 ms MarkObjects: 2.368600 ms  DeleteObjects: 0.116600 ms)

========================================================================
Received Prepare
Registering precompiled user dll's ...
Registered in 0.001872 seconds.
Begin MonoManager ReloadAssembly
Native extension for WindowsStandalone target not found
Refreshing native plugins compatible for Editor in 0.54 ms, found 1 plugins.
Preloading 0 native plugins for Editor in 0.00 ms.
Invoked RoslynAnalysisRunner static constructor.
RoslynAnalysisRunner will not be running.
RoslynAnalysisRunner has terminated.
Mono: successfully reloaded assembly
- Completed reload, in  1.461 seconds
Platform modules already initialized, skipping
Refreshing native plugins compatible for Editor in 0.49 ms, found 1 plugins.
Preloading 0 native plugins for Editor in 0.00 ms.
Unloading 1804 Unused Serialized files (Serialized files now loaded: 0)
System memory in use before: 84.8 MB.
System memory in use after: 84.8 MB.

Unloading 9 unused Assets to reduce memory usage. Loaded Objects now: 2277.
Total: 2.940600 ms (FindLiveObjects: 0.350700 ms CreateObjectMapping: 0.108200 ms MarkObjects: 2.373300 ms  DeleteObjects: 0.107000 ms)

========================================================================
Received Prepare
Registering precompiled user dll's ...
Registered in 0.001638 seconds.
Begin MonoManager ReloadAssembly
Native extension for WindowsStandalone target not found
Refreshing native plugins compatible for Editor in 0.55 ms, found 1 plugins.
Preloading 0 native plugins for Editor in 0.00 ms.
Invoked RoslynAnalysisRunner static constructor.
RoslynAnalysisRunner will not be running.
RoslynAnalysisRunner has terminated.
Mono: successfully reloaded assembly
- Completed reload, in  1.555 seconds
Platform modules already initialized, skipping
Refreshing native plugins compatible for Editor in 0.62 ms, found 1 plugins.
Preloading 0 native plugins for Editor in 0.00 ms.
Unloading 1804 Unused Serialized files (Serialized files now loaded: 0)
System memory in use before: 84.8 MB.
System memory in use after: 84.9 MB.

Unloading 9 unused Assets to reduce memory usage. Loaded Objects now: 2281.
Total: 2.989100 ms (FindLiveObjects: 0.408300 ms CreateObjectMapping: 0.103500 ms MarkObjects: 2.372000 ms  DeleteObjects: 0.104000 ms)

========================================================================
Received Prepare
Registering precompiled user dll's ...
Registered in 0.005167 seconds.
Begin MonoManager ReloadAssembly
Native extension for WindowsStandalone target not found
Refreshing native plugins compatible for Editor in 0.59 ms, found 1 plugins.
Preloading 0 native plugins for Editor in 0.00 ms.
Invoked RoslynAnalysisRunner static constructor.
RoslynAnalysisRunner will not be running.
RoslynAnalysisRunner has terminated.
Mono: successfully reloaded assembly
- Completed reload, in  1.557 seconds
Platform modules already initialized, skipping
Refreshing native plugins compatible for Editor in 0.54 ms, found 1 plugins.
Preloading 0 native plugins for Editor in 0.00 ms.
Unloading 1804 Unused Serialized files (Serialized files now loaded: 0)
System memory in use before: 84.8 MB.
System memory in use after: 84.9 MB.

Unloading 9 unused Assets to reduce memory usage. Loaded Objects now: 2285.
Total: 3.258900 ms (FindLiveObjects: 0.514100 ms CreateObjectMapping: 0.155800 ms MarkObjects: 2.483300 ms  DeleteObjects: 0.104200 ms)

========================================================================
Received Prepare
Registering precompiled user dll's ...
Registered in 0.001852 seconds.
Begin MonoManager ReloadAssembly
Native extension for WindowsStandalone target not found
Refreshing native plugins compatible for Editor in 0.60 ms, found 1 plugins.
Preloading 0 native plugins for Editor in 0.00 ms.
Invoked RoslynAnalysisRunner static constructor.
RoslynAnalysisRunner will not be running.
RoslynAnalysisRunner has terminated.
Mono: successfully reloaded assembly
- Completed reload, in  1.516 seconds
Platform modules already initialized, skipping
Refreshing native plugins compatible for Editor in 0.53 ms, found 1 plugins.
Preloading 0 native plugins for Editor in 0.00 ms.
Unloading 1804 Unused Serialized files (Serialized files now loaded: 0)
System memory in use before: 84.8 MB.
System memory in use after: 84.9 MB.

Unloading 9 unused Assets to reduce memory usage. Loaded Objects now: 2289.
Total: 2.814400 ms (FindLiveObjects: 0.355200 ms CreateObjectMapping: 0.101000 ms MarkObjects: 2.260700 ms  DeleteObjects: 0.095900 ms)

========================================================================
Received Prepare
Registering precompiled user dll's ...
Registered in 0.002349 seconds.
Begin MonoManager ReloadAssembly
Native extension for WindowsStandalone target not found
Refreshing native plugins compatible for Editor in 0.60 ms, found 1 plugins.
Preloading 0 native plugins for Editor in 0.00 ms.
Invoked RoslynAnalysisRunner static constructor.
RoslynAnalysisRunner will not be running.
RoslynAnalysisRunner has terminated.
Mono: successfully reloaded assembly
- Completed reload, in  1.612 seconds
Platform modules already initialized, skipping
Refreshing native plugins compatible for Editor in 0.53 ms, found 1 plugins.
Preloading 0 native plugins for Editor in 0.00 ms.
Unloading 1804 Unused Serialized files (Serialized files now loaded: 0)
System memory in use before: 84.8 MB.
System memory in use after: 84.9 MB.

Unloading 9 unused Assets to reduce memory usage. Loaded Objects now: 2293.
Total: 2.749100 ms (FindLiveObjects: 0.366100 ms CreateObjectMapping: 0.103800 ms MarkObjects: 2.174400 ms  DeleteObjects: 0.103000 ms)

========================================================================
Received Prepare
Registering precompiled user dll's ...
Registered in 0.002171 seconds.
Begin MonoManager ReloadAssembly
Native extension for WindowsStandalone target not found
Refreshing native plugins compatible for Editor in 0.55 ms, found 1 plugins.
Preloading 0 native plugins for Editor in 0.00 ms.
Invoked RoslynAnalysisRunner static constructor.
RoslynAnalysisRunner will not be running.
RoslynAnalysisRunner has terminated.
Mono: successfully reloaded assembly
- Completed reload, in  1.492 seconds
Platform modules already initialized, skipping
Refreshing native plugins compatible for Editor in 0.58 ms, found 1 plugins.
Preloading 0 native plugins for Editor in 0.00 ms.
Unloading 1804 Unused Serialized files (Serialized files now loaded: 0)
System memory in use before: 84.8 MB.
System memory in use after: 84.9 MB.

Unloading 9 unused Assets to reduce memory usage. Loaded Objects now: 2297.
Total: 2.879800 ms (FindLiveObjects: 0.434600 ms CreateObjectMapping: 0.112500 ms MarkObjects: 2.234900 ms  DeleteObjects: 0.095800 ms)

========================================================================
Received Prepare
Registering precompiled user dll's ...
Registered in 0.001760 seconds.
Begin MonoManager ReloadAssembly
Native extension for WindowsStandalone target not found
Refreshing native plugins compatible for Editor in 0.54 ms, found 1 plugins.
Preloading 0 native plugins for Editor in 0.00 ms.
Invoked RoslynAnalysisRunner static constructor.
RoslynAnalysisRunner will not be running.
RoslynAnalysisRunner has terminated.
Mono: successfully reloaded assembly
- Completed reload, in  1.560 seconds
Platform modules already initialized, skipping
Refreshing native plugins compatible for Editor in 0.52 ms, found 1 plugins.
Preloading 0 native plugins for Editor in 0.00 ms.
Unloading 1804 Unused Serialized files (Serialized files now loaded: 0)
System memory in use before: 84.9 MB.
System memory in use after: 84.9 MB.

Unloading 9 unused Assets to reduce memory usage. Loaded Objects now: 2301.
Total: 3.099500 ms (FindLiveObjects: 0.376400 ms CreateObjectMapping: 0.108000 ms MarkObjects: 2.517100 ms  DeleteObjects: 0.096100 ms)

========================================================================
Received Prepare
Registering precompiled user dll's ...
Registered in 0.001794 seconds.
Begin MonoManager ReloadAssembly
Native extension for WindowsStandalone target not found
Refreshing native plugins compatible for Editor in 0.54 ms, found 1 plugins.
Preloading 0 native plugins for Editor in 0.00 ms.
Invoked RoslynAnalysisRunner static constructor.
RoslynAnalysisRunner will not be running.
RoslynAnalysisRunner has terminated.
Mono: successfully reloaded assembly
- Completed reload, in  1.575 seconds
Platform modules already initialized, skipping
Refreshing native plugins compatible for Editor in 0.56 ms, found 1 plugins.
Preloading 0 native plugins for Editor in 0.00 ms.
Unloading 1804 Unused Serialized files (Serialized files now loaded: 0)
System memory in use before: 84.9 MB.
System memory in use after: 84.9 MB.

Unloading 9 unused Assets to reduce memory usage. Loaded Objects now: 2305.
Total: 2.823000 ms (FindLiveObjects: 0.435200 ms CreateObjectMapping: 0.110000 ms MarkObjects: 2.186000 ms  DeleteObjects: 0.090000 ms)

========================================================================
Received Prepare
Registering precompiled user dll's ...
Registered in 0.001840 seconds.
Begin MonoManager ReloadAssembly
Native extension for WindowsStandalone target not found
Refreshing native plugins compatible for Editor in 0.58 ms, found 1 plugins.
Preloading 0 native plugins for Editor in 0.00 ms.
Invoked RoslynAnalysisRunner static constructor.
RoslynAnalysisRunner will not be running.
RoslynAnalysisRunner has terminated.
Mono: successfully reloaded assembly
- Completed reload, in  1.610 seconds
Platform modules already initialized, skipping
Refreshing native plugins compatible for Editor in 0.54 ms, found 1 plugins.
Preloading 0 native plugins for Editor in 0.00 ms.
Unloading 1804 Unused Serialized files (Serialized files now loaded: 0)
System memory in use before: 84.9 MB.
System memory in use after: 85.0 MB.

Unloading 9 unused Assets to reduce memory usage. Loaded Objects now: 2309.
Total: 3.244500 ms (FindLiveObjects: 0.376800 ms CreateObjectMapping: 0.104400 ms MarkObjects: 2.664500 ms  DeleteObjects: 0.097100 ms)

========================================================================
Received Prepare
Registering precompiled user dll's ...
Registered in 0.001599 seconds.
Begin MonoManager ReloadAssembly
Native extension for WindowsStandalone target not found
Refreshing native plugins compatible for Editor in 0.59 ms, found 1 plugins.
Preloading 0 native plugins for Editor in 0.00 ms.
Invoked RoslynAnalysisRunner static constructor.
RoslynAnalysisRunner will not be running.
RoslynAnalysisRunner has terminated.
Mono: successfully reloaded assembly
- Completed reload, in  1.481 seconds
Platform modules already initialized, skipping
Refreshing native plugins compatible for Editor in 0.51 ms, found 1 plugins.
Preloading 0 native plugins for Editor in 0.00 ms.
Unloading 1804 Unused Serialized files (Serialized files now loaded: 0)
System memory in use before: 84.9 MB.
System memory in use after: 85.0 MB.

Unloading 9 unused Assets to reduce memory usage. Loaded Objects now: 2313.
Total: 2.808000 ms (FindLiveObjects: 0.332700 ms CreateObjectMapping: 0.102200 ms MarkObjects: 2.282800 ms  DeleteObjects: 0.088700 ms)

========================================================================
Received Prepare
Registering precompiled user dll's ...
Registered in 0.001569 seconds.
Begin MonoManager ReloadAssembly
Native extension for WindowsStandalone target not found
Refreshing native plugins compatible for Editor in 0.63 ms, found 1 plugins.
Preloading 0 native plugins for Editor in 0.00 ms.
Invoked RoslynAnalysisRunner static constructor.
RoslynAnalysisRunner will not be running.
RoslynAnalysisRunner has terminated.
Mono: successfully reloaded assembly
- Completed reload, in  1.645 seconds
Platform modules already initialized, skipping
Refreshing native plugins compatible for Editor in 0.57 ms, found 1 plugins.
Preloading 0 native plugins for Editor in 0.00 ms.
Unloading 1804 Unused Serialized files (Serialized files now loaded: 0)
System memory in use before: 84.9 MB.
System memory in use after: 85.0 MB.

Unloading 9 unused Assets to reduce memory usage. Loaded Objects now: 2317.
Total: 2.967100 ms (FindLiveObjects: 0.388000 ms CreateObjectMapping: 0.103100 ms MarkObjects: 2.373900 ms  DeleteObjects: 0.100300 ms)

========================================================================
Received Prepare
Registering precompiled user dll's ...
Registered in 0.001597 seconds.
Begin MonoManager ReloadAssembly
Native extension for WindowsStandalone target not found
Refreshing native plugins compatible for Editor in 0.54 ms, found 1 plugins.
Preloading 0 native plugins for Editor in 0.00 ms.
Invoked RoslynAnalysisRunner static constructor.
RoslynAnalysisRunner will not be running.
RoslynAnalysisRunner has terminated.
Mono: successfully reloaded assembly
- Completed reload, in  1.609 seconds
Platform modules already initialized, skipping
Refreshing native plugins compatible for Editor in 0.66 ms, found 1 plugins.
Preloading 0 native plugins for Editor in 0.00 ms.
Unloading 1804 Unused Serialized files (Serialized files now loaded: 0)
System memory in use before: 84.9 MB.
System memory in use after: 85.0 MB.

Unloading 9 unused Assets to reduce memory usage. Loaded Objects now: 2321.
Total: 3.036400 ms (FindLiveObjects: 0.594600 ms CreateObjectMapping: 0.155000 ms MarkObjects: 2.183900 ms  DeleteObjects: 0.091300 ms)

========================================================================
Received Prepare
Registering precompiled user dll's ...
Registered in 0.001843 seconds.
Begin MonoManager ReloadAssembly
Native extension for WindowsStandalone target not found
Refreshing native plugins compatible for Editor in 0.67 ms, found 1 plugins.
Preloading 0 native plugins for Editor in 0.00 ms.
Invoked RoslynAnalysisRunner static constructor.
RoslynAnalysisRunner will not be running.
RoslynAnalysisRunner has terminated.
Mono: successfully reloaded assembly
- Completed reload, in  1.559 seconds
Platform modules already initialized, skipping
Refreshing native plugins compatible for Editor in 0.53 ms, found 1 plugins.
Preloading 0 native plugins for Editor in 0.00 ms.
Unloading 1804 Unused Serialized files (Serialized files now loaded: 0)
System memory in use before: 84.9 MB.
System memory in use after: 85.0 MB.

Unloading 9 unused Assets to reduce memory usage. Loaded Objects now: 2325.
Total: 2.881500 ms (FindLiveObjects: 0.413000 ms CreateObjectMapping: 0.132000 ms MarkObjects: 2.243200 ms  DeleteObjects: 0.092100 ms)

========================================================================
Received Prepare
Registering precompiled user dll's ...
Registered in 0.001868 seconds.
Begin MonoManager ReloadAssembly
Native extension for WindowsStandalone target not found
Refreshing native plugins compatible for Editor in 0.64 ms, found 1 plugins.
Preloading 0 native plugins for Editor in 0.00 ms.
Invoked RoslynAnalysisRunner static constructor.
RoslynAnalysisRunner will not be running.
RoslynAnalysisRunner has terminated.
Mono: successfully reloaded assembly
- Completed reload, in  1.552 seconds
Platform modules already initialized, skipping
Refreshing native plugins compatible for Editor in 0.52 ms, found 1 plugins.
Preloading 0 native plugins for Editor in 0.00 ms.
Unloading 1804 Unused Serialized files (Serialized files now loaded: 0)
System memory in use before: 84.9 MB.
System memory in use after: 85.0 MB.

Unloading 9 unused Assets to reduce memory usage. Loaded Objects now: 2329.
Total: 2.797200 ms (FindLiveObjects: 0.354100 ms CreateObjectMapping: 0.114300 ms MarkObjects: 2.235000 ms  DeleteObjects: 0.092500 ms)

========================================================================
Received Prepare
Registering precompiled user dll's ...
Registered in 0.001782 seconds.
Begin MonoManager ReloadAssembly
Native extension for WindowsStandalone target not found
Refreshing native plugins compatible for Editor in 0.53 ms, found 1 plugins.
Preloading 0 native plugins for Editor in 0.00 ms.
Invoked RoslynAnalysisRunner static constructor.
RoslynAnalysisRunner will not be running.
RoslynAnalysisRunner has terminated.
Mono: successfully reloaded assembly
- Completed reload, in  1.468 seconds
Platform modules already initialized, skipping
Refreshing native plugins compatible for Editor in 0.51 ms, found 1 plugins.
Preloading 0 native plugins for Editor in 0.00 ms.
Unloading 1804 Unused Serialized files (Serialized files now loaded: 0)
System memory in use before: 84.9 MB.
System memory in use after: 85.0 MB.

Unloading 9 unused Assets to reduce memory usage. Loaded Objects now: 2333.
Total: 3.055600 ms (FindLiveObjects: 0.378400 ms CreateObjectMapping: 0.103300 ms MarkObjects: 2.473700 ms  DeleteObjects: 0.098800 ms)

========================================================================
Received Import Request.
  Time since last request: 1610.930481 seconds.
  path: Assets/Scripts/Invisible.cs
  artifactKey: Guid(00c4db0b7d10b3741956ceaaff4e80e1) Importer(815301076,1909f56bfc062723c751e8b465ee728b)
Start importing Assets/Scripts/Invisible.cs using Guid(00c4db0b7d10b3741956ceaaff4e80e1) Importer(815301076,1909f56bfc062723c751e8b465ee728b)  -> (artifact id: 'f56b88776e1b23ba1cf12f463c35a2b5') in 0.008380 seconds
  Import took 0.014703 seconds .

========================================================================
Received Prepare
Registering precompiled user dll's ...
Registered in 0.001999 seconds.
Begin MonoManager ReloadAssembly
Native extension for WindowsStandalone target not found
Refreshing native plugins compatible for Editor in 0.54 ms, found 1 plugins.
Preloading 0 native plugins for Editor in 0.00 ms.
Invoked RoslynAnalysisRunner static constructor.
RoslynAnalysisRunner will not be running.
RoslynAnalysisRunner has terminated.
Mono: successfully reloaded assembly
- Completed reload, in  1.576 seconds
Platform modules already initialized, skipping
Refreshing native plugins compatible for Editor in 0.67 ms, found 1 plugins.
Preloading 0 native plugins for Editor in 0.00 ms.
Unloading 1803 Unused Serialized files (Serialized files now loaded: 0)
System memory in use before: 84.9 MB.
System memory in use after: 85.0 MB.

Unloading 10 unused Assets to reduce memory usage. Loaded Objects now: 2336.
Total: 3.077800 ms (FindLiveObjects: 0.357300 ms CreateObjectMapping: 0.102900 ms MarkObjects: 2.504300 ms  DeleteObjects: 0.111500 ms)

========================================================================
Received Prepare
Registering precompiled user dll's ...
Registered in 0.001838 seconds.
Begin MonoManager ReloadAssembly
Native extension for WindowsStandalone target not found
Refreshing native plugins compatible for Editor in 0.54 ms, found 1 plugins.
Preloading 0 native plugins for Editor in 0.00 ms.
Invoked RoslynAnalysisRunner static constructor.
RoslynAnalysisRunner will not be running.
RoslynAnalysisRunner has terminated.
Mono: successfully reloaded assembly
- Completed reload, in  1.621 seconds
Platform modules already initialized, skipping
Refreshing native plugins compatible for Editor in 0.61 ms, found 1 plugins.
Preloading 0 native plugins for Editor in 0.00 ms.
Unloading 1803 Unused Serialized files (Serialized files now loaded: 0)
System memory in use before: 84.9 MB.
System memory in use after: 85.0 MB.

Unloading 9 unused Assets to reduce memory usage. Loaded Objects now: 2340.
Total: 3.439500 ms (FindLiveObjects: 0.414700 ms CreateObjectMapping: 0.115400 ms MarkObjects: 2.794800 ms  DeleteObjects: 0.113200 ms)

========================================================================
Received Prepare
Registering precompiled user dll's ...
Registered in 0.001808 seconds.
Begin MonoManager ReloadAssembly
Native extension for WindowsStandalone target not found
Refreshing native plugins compatible for Editor in 0.58 ms, found 1 plugins.
Preloading 0 native plugins for Editor in 0.00 ms.
Invoked RoslynAnalysisRunner static constructor.
RoslynAnalysisRunner will not be running.
RoslynAnalysisRunner has terminated.
Mono: successfully reloaded assembly
- Completed reload, in  1.492 seconds
Platform modules already initialized, skipping
Refreshing native plugins compatible for Editor in 0.53 ms, found 1 plugins.
Preloading 0 native plugins for Editor in 0.00 ms.
Unloading 1803 Unused Serialized files (Serialized files now loaded: 0)
System memory in use before: 85.0 MB.
System memory in use after: 85.0 MB.

Unloading 9 unused Assets to reduce memory usage. Loaded Objects now: 2344.
Total: 3.890900 ms (FindLiveObjects: 0.406400 ms CreateObjectMapping: 0.114300 ms MarkObjects: 3.219900 ms  DeleteObjects: 0.148200 ms)

========================================================================
Received Import Request.
  Time since last request: 1496.738961 seconds.
  path: Assets/Sounds
  artifactKey: Guid(480dfe314c1c32f40b27dc4fb8d1a5c1) Importer(815301076,1909f56bfc062723c751e8b465ee728b)
Start importing Assets/Sounds using Guid(480dfe314c1c32f40b27dc4fb8d1a5c1) Importer(815301076,1909f56bfc062723c751e8b465ee728b)  -> (artifact id: '39b36435ee3eedde2fcef954821431a3') in 0.008804 seconds
  Import took 0.015644 seconds .

========================================================================
Received Import Request.
  Time since last request: 8.545941 seconds.
  path: Assets/Sounds/Alarm.mp3
  artifactKey: Guid(31200ad255b18214f8bb7ea044e32ed9) Importer(815301076,1909f56bfc062723c751e8b465ee728b)
Start importing Assets/Sounds/Alarm.mp3 using Guid(31200ad255b18214f8bb7ea044e32ed9) Importer(815301076,1909f56bfc062723c751e8b465ee728b)  -> (artifact id: 'ba3ae8afe1fabb7f04cf5c60bb4ce2bc') in 0.150519 seconds
  Import took 0.155551 seconds .

========================================================================
Received Prepare
Registering precompiled user dll's ...
Registered in 0.001676 seconds.
Begin MonoManager ReloadAssembly
Native extension for WindowsStandalone target not found
Refreshing native plugins compatible for Editor in 0.59 ms, found 1 plugins.
Preloading 0 native plugins for Editor in 0.00 ms.
Invoked RoslynAnalysisRunner static constructor.
RoslynAnalysisRunner will not be running.
RoslynAnalysisRunner has terminated.
Mono: successfully reloaded assembly
- Completed reload, in  1.603 seconds
Platform modules already initialized, skipping
Refreshing native plugins compatible for Editor in 0.58 ms, found 1 plugins.
Preloading 0 native plugins for Editor in 0.00 ms.
Unloading 1803 Unused Serialized files (Serialized files now loaded: 0)
System memory in use before: 88.1 MB.
System memory in use after: 88.1 MB.

Unloading 9 unused Assets to reduce memory usage. Loaded Objects now: 2357.
Total: 2.800900 ms (FindLiveObjects: 0.340800 ms CreateObjectMapping: 0.094300 ms MarkObjects: 2.270500 ms  DeleteObjects: 0.094000 ms)

========================================================================
Received Prepare
Registering precompiled user dll's ...
Registered in 0.001863 seconds.
Begin MonoManager ReloadAssembly
Native extension for WindowsStandalone target not found
Refreshing native plugins compatible for Editor in 0.53 ms, found 1 plugins.
Preloading 0 native plugins for Editor in 0.00 ms.
Invoked RoslynAnalysisRunner static constructor.
RoslynAnalysisRunner will not be running.
RoslynAnalysisRunner has terminated.
Mono: successfully reloaded assembly
- Completed reload, in  1.500 seconds
Platform modules already initialized, skipping
Refreshing native plugins compatible for Editor in 0.54 ms, found 1 plugins.
Preloading 0 native plugins for Editor in 0.00 ms.
Unloading 1803 Unused Serialized files (Serialized files now loaded: 0)
System memory in use before: 88.1 MB.
System memory in use after: 88.1 MB.

Unloading 9 unused Assets to reduce memory usage. Loaded Objects now: 2361.
Total: 2.856600 ms (FindLiveObjects: 0.513000 ms CreateObjectMapping: 0.103500 ms MarkObjects: 2.151500 ms  DeleteObjects: 0.086900 ms)

========================================================================
Received Import Request.
  Time since last request: 325.265088 seconds.
  path: Assets/Sprites/Signaling.png
  artifactKey: Guid(bb3f39607fd248340b7c1d9cde59ba9d) Importer(815301076,1909f56bfc062723c751e8b465ee728b)
Start importing Assets/Sprites/Signaling.png using Guid(bb3f39607fd248340b7c1d9cde59ba9d) Importer(815301076,1909f56bfc062723c751e8b465ee728b)  -> (artifact id: '1af0ed5e70cd6445e56ea04e86de0bb0') in 0.102421 seconds
  Import took 0.109401 seconds .

========================================================================
Received Import Request.
  Time since last request: 15.939009 seconds.
  path: Assets/Sprites/Signaling.png
  artifactKey: Guid(bb3f39607fd248340b7c1d9cde59ba9d) Importer(815301076,1909f56bfc062723c751e8b465ee728b)
Start importing Assets/Sprites/Signaling.png using Guid(bb3f39607fd248340b7c1d9cde59ba9d) Importer(815301076,1909f56bfc062723c751e8b465ee728b)  -> (artifact id: 'c73f68a045f77362cf35e1e7d177fae8') in 0.015432 seconds
  Import took 0.020981 seconds .

========================================================================
Received Import Request.
  Time since last request: 0.019310 seconds.
  path: Assets/Sprites/Signaling.png
  artifactKey: Guid(bb3f39607fd248340b7c1d9cde59ba9d) Importer(815301076,1909f56bfc062723c751e8b465ee728b)
Start importing Assets/Sprites/Signaling.png using Guid(bb3f39607fd248340b7c1d9cde59ba9d) Importer(815301076,1909f56bfc062723c751e8b465ee728b)  -> (artifact id: 'c73f68a045f77362cf35e1e7d177fae8') in 0.007961 seconds
  Import took 0.013215 seconds .

========================================================================
Received Import Request.
  Time since last request: 25.980597 seconds.
  path: Assets/Sprites/Signaling.png
  artifactKey: Guid(bb3f39607fd248340b7c1d9cde59ba9d) Importer(815301076,1909f56bfc062723c751e8b465ee728b)
Start importing Assets/Sprites/Signaling.png using Guid(bb3f39607fd248340b7c1d9cde59ba9d) Importer(815301076,1909f56bfc062723c751e8b465ee728b)  -> (artifact id: '007fa562efc33058c87092172d9ec5ba') in 0.021350 seconds
  Import took 0.026196 seconds .

========================================================================
Received Import Request.
  Time since last request: 0.013535 seconds.
  path: Assets/Sprites/Signaling.png
  artifactKey: Guid(bb3f39607fd248340b7c1d9cde59ba9d) Importer(815301076,1909f56bfc062723c751e8b465ee728b)
Start importing Assets/Sprites/Signaling.png using Guid(bb3f39607fd248340b7c1d9cde59ba9d) Importer(815301076,1909f56bfc062723c751e8b465ee728b)  -> (artifact id: '007fa562efc33058c87092172d9ec5ba') in 0.015131 seconds
  Import took 0.021789 seconds .

========================================================================
Received Import Request.
  Time since last request: 135.002701 seconds.
  path: Assets/Animations/Signaling_0.controller
  artifactKey: Guid(4006c2497ebf92c449d0cb79930344df) Importer(815301076,1909f56bfc062723c751e8b465ee728b)
Start importing Assets/Animations/Signaling_0.controller using Guid(4006c2497ebf92c449d0cb79930344df) Importer(815301076,1909f56bfc062723c751e8b465ee728b)  -> (artifact id: '005be74c1d1607eb42771e0c065e1e71') in 0.009136 seconds
  Import took 0.013845 seconds .

========================================================================
Received Import Request.
  Time since last request: 133.435007 seconds.
  path: Assets/Scripts/Enter.cs
  artifactKey: Guid(d51136af06c5ccc48b3cb71ed521872e) Importer(815301076,1909f56bfc062723c751e8b465ee728b)
Start importing Assets/Scripts/Enter.cs using Guid(d51136af06c5ccc48b3cb71ed521872e) Importer(815301076,1909f56bfc062723c751e8b465ee728b)  -> (artifact id: '9e08e60e6626c3daad2aa39466c5fd6d') in 0.005077 seconds
  Import took 0.010351 seconds .

========================================================================
Received Prepare
Registering precompiled user dll's ...
Registered in 0.001670 seconds.
Begin MonoManager ReloadAssembly
Native extension for WindowsStandalone target not found
Refreshing native plugins compatible for Editor in 0.69 ms, found 1 plugins.
Preloading 0 native plugins for Editor in 0.00 ms.
Invoked RoslynAnalysisRunner static constructor.
RoslynAnalysisRunner will not be running.
RoslynAnalysisRunner has terminated.
Mono: successfully reloaded assembly
- Completed reload, in  1.607 seconds
Platform modules already initialized, skipping
Refreshing native plugins compatible for Editor in 0.54 ms, found 1 plugins.
Preloading 0 native plugins for Editor in 0.00 ms.
Unloading 1804 Unused Serialized files (Serialized files now loaded: 0)
System memory in use before: 88.1 MB.
System memory in use after: 88.2 MB.

Unloading 9 unused Assets to reduce memory usage. Loaded Objects now: 2372.
Total: 2.811000 ms (FindLiveObjects: 0.364900 ms CreateObjectMapping: 0.104200 ms MarkObjects: 2.247600 ms  DeleteObjects: 0.092700 ms)

========================================================================
Received Prepare
Registering precompiled user dll's ...
Registered in 0.001901 seconds.
Begin MonoManager ReloadAssembly
Native extension for WindowsStandalone target not found
Refreshing native plugins compatible for Editor in 0.54 ms, found 1 plugins.
Preloading 0 native plugins for Editor in 0.00 ms.
Invoked RoslynAnalysisRunner static constructor.
RoslynAnalysisRunner will not be running.
RoslynAnalysisRunner has terminated.
Mono: successfully reloaded assembly
- Completed reload, in  1.526 seconds
Platform modules already initialized, skipping
Refreshing native plugins compatible for Editor in 0.55 ms, found 1 plugins.
Preloading 0 native plugins for Editor in 0.00 ms.
Unloading 1804 Unused Serialized files (Serialized files now loaded: 0)
System memory in use before: 88.2 MB.
System memory in use after: 88.2 MB.

Unloading 9 unused Assets to reduce memory usage. Loaded Objects now: 2376.
Total: 2.886700 ms (FindLiveObjects: 0.424100 ms CreateObjectMapping: 0.126700 ms MarkObjects: 2.244900 ms  DeleteObjects: 0.089300 ms)

========================================================================
Received Prepare
Registering precompiled user dll's ...
Registered in 0.001819 seconds.
Begin MonoManager ReloadAssembly
Native extension for WindowsStandalone target not found
Refreshing native plugins compatible for Editor in 0.69 ms, found 1 plugins.
Preloading 0 native plugins for Editor in 0.00 ms.
Invoked RoslynAnalysisRunner static constructor.
RoslynAnalysisRunner will not be running.
RoslynAnalysisRunner has terminated.
Mono: successfully reloaded assembly
- Completed reload, in  1.558 seconds
Platform modules already initialized, skipping
Refreshing native plugins compatible for Editor in 0.57 ms, found 1 plugins.
Preloading 0 native plugins for Editor in 0.00 ms.
Unloading 1804 Unused Serialized files (Serialized files now loaded: 0)
System memory in use before: 88.2 MB.
System memory in use after: 88.2 MB.

Unloading 9 unused Assets to reduce memory usage. Loaded Objects now: 2380.
Total: 2.970100 ms (FindLiveObjects: 0.412500 ms CreateObjectMapping: 0.111100 ms MarkObjects: 2.344100 ms  DeleteObjects: 0.100800 ms)

========================================================================
Received Prepare
Registering precompiled user dll's ...
Registered in 0.001861 seconds.
Begin MonoManager ReloadAssembly
Native extension for WindowsStandalone target not found
Refreshing native plugins compatible for Editor in 0.60 ms, found 1 plugins.
Preloading 0 native plugins for Editor in 0.00 ms.
Invoked RoslynAnalysisRunner static constructor.
RoslynAnalysisRunner will not be running.
RoslynAnalysisRunner has terminated.
Mono: successfully reloaded assembly
- Completed reload, in  1.522 seconds
Platform modules already initialized, skipping
Refreshing native plugins compatible for Editor in 0.52 ms, found 1 plugins.
Preloading 0 native plugins for Editor in 0.00 ms.
Unloading 1804 Unused Serialized files (Serialized files now loaded: 0)
System memory in use before: 88.2 MB.
System memory in use after: 88.2 MB.

Unloading 9 unused Assets to reduce memory usage. Loaded Objects now: 2384.
Total: 2.817000 ms (FindLiveObjects: 0.372300 ms CreateObjectMapping: 0.115200 ms MarkObjects: 2.240900 ms  DeleteObjects: 0.087400 ms)

========================================================================
Received Prepare
Registering precompiled user dll's ...
Registered in 0.001814 seconds.
Begin MonoManager ReloadAssembly
Native extension for WindowsStandalone target not found
Refreshing native plugins compatible for Editor in 0.65 ms, found 1 plugins.
Preloading 0 native plugins for Editor in 0.00 ms.
Invoked RoslynAnalysisRunner static constructor.
RoslynAnalysisRunner will not be running.
RoslynAnalysisRunner has terminated.
Mono: successfully reloaded assembly
- Completed reload, in  1.520 seconds
Platform modules already initialized, skipping
Refreshing native plugins compatible for Editor in 0.53 ms, found 1 plugins.
Preloading 0 native plugins for Editor in 0.00 ms.
Unloading 1804 Unused Serialized files (Serialized files now loaded: 0)
System memory in use before: 88.2 MB.
System memory in use after: 88.2 MB.

Unloading 9 unused Assets to reduce memory usage. Loaded Objects now: 2388.
Total: 2.976500 ms (FindLiveObjects: 0.390200 ms CreateObjectMapping: 0.110700 ms MarkObjects: 2.385600 ms  DeleteObjects: 0.088300 ms)

========================================================================
Received Prepare
Registering precompiled user dll's ...
Registered in 0.004477 seconds.
Begin MonoManager ReloadAssembly
Native extension for WindowsStandalone target not found
Refreshing native plugins compatible for Editor in 0.75 ms, found 1 plugins.
Preloading 0 native plugins for Editor in 0.00 ms.
Invoked RoslynAnalysisRunner static constructor.
RoslynAnalysisRunner will not be running.
RoslynAnalysisRunner has terminated.
Mono: successfully reloaded assembly
- Completed reload, in  1.798 seconds
Platform modules already initialized, skipping
Refreshing native plugins compatible for Editor in 0.56 ms, found 1 plugins.
Preloading 0 native plugins for Editor in 0.00 ms.
Unloading 1805 Unused Serialized files (Serialized files now loaded: 0)
System memory in use before: 88.2 MB.
System memory in use after: 88.3 MB.

Unloading 9 unused Assets to reduce memory usage. Loaded Objects now: 2393.
Total: 3.616600 ms (FindLiveObjects: 0.544800 ms CreateObjectMapping: 0.146500 ms MarkObjects: 2.824400 ms  DeleteObjects: 0.099000 ms)

========================================================================
Received Import Request.
  Time since last request: 542.577170 seconds.
  path: Assets/Scripts/Exit.cs
  artifactKey: Guid(65b9be5fd07eea844b65842c2d99eaab) Importer(815301076,1909f56bfc062723c751e8b465ee728b)
Start importing Assets/Scripts/Exit.cs using Guid(65b9be5fd07eea844b65842c2d99eaab) Importer(815301076,1909f56bfc062723c751e8b465ee728b)  -> (artifact id: '1b89eec3a60b38b6128f0c5137f2ff99') in 0.007414 seconds
  Import took 0.011680 seconds .

========================================================================
Received Prepare
Registering precompiled user dll's ...
Registered in 0.002286 seconds.
Begin MonoManager ReloadAssembly
Native extension for WindowsStandalone target not found
Refreshing native plugins compatible for Editor in 0.58 ms, found 1 plugins.
Preloading 0 native plugins for Editor in 0.00 ms.
Invoked RoslynAnalysisRunner static constructor.
RoslynAnalysisRunner will not be running.
RoslynAnalysisRunner has terminated.
Mono: successfully reloaded assembly
- Completed reload, in  1.650 seconds
Platform modules already initialized, skipping
Refreshing native plugins compatible for Editor in 0.66 ms, found 1 plugins.
Preloading 0 native plugins for Editor in 0.00 ms.
Unloading 1805 Unused Serialized files (Serialized files now loaded: 0)
System memory in use before: 88.2 MB.
System memory in use after: 88.3 MB.

Unloading 9 unused Assets to reduce memory usage. Loaded Objects now: 2397.
Total: 3.708300 ms (FindLiveObjects: 0.602600 ms CreateObjectMapping: 0.237500 ms MarkObjects: 2.766600 ms  DeleteObjects: 0.100000 ms)

========================================================================
Received Prepare
Registering precompiled user dll's ...
Registered in 0.001840 seconds.
Begin MonoManager ReloadAssembly
Native extension for WindowsStandalone target not found
Refreshing native plugins compatible for Editor in 0.54 ms, found 1 plugins.
Preloading 0 native plugins for Editor in 0.00 ms.
Invoked RoslynAnalysisRunner static constructor.
RoslynAnalysisRunner will not be running.
RoslynAnalysisRunner has terminated.
Mono: successfully reloaded assembly
- Completed reload, in  1.526 seconds
Platform modules already initialized, skipping
Refreshing native plugins compatible for Editor in 1.68 ms, found 1 plugins.
Preloading 0 native plugins for Editor in 0.00 ms.
Unloading 1805 Unused Serialized files (Serialized files now loaded: 0)
System memory in use before: 88.2 MB.
System memory in use after: 88.3 MB.

Unloading 9 unused Assets to reduce memory usage. Loaded Objects now: 2401.
Total: 2.868900 ms (FindLiveObjects: 0.360900 ms CreateObjectMapping: 0.105000 ms MarkObjects: 2.314400 ms  DeleteObjects: 0.087000 ms)

========================================================================
Received Import Request.
  Time since last request: 33.717743 seconds.
  path: Assets/Scripts/Exit.cs
  artifactKey: Guid(65b9be5fd07eea844b65842c2d99eaab) Importer(815301076,1909f56bfc062723c751e8b465ee728b)
Start importing Assets/Scripts/Exit.cs using Guid(65b9be5fd07eea844b65842c2d99eaab) Importer(815301076,1909f56bfc062723c751e8b465ee728b)  -> (artifact id: '58c52c4cb9bd273cadd017bf56bb855c') in 0.008060 seconds
  Import took 0.013149 seconds .

========================================================================
Received Prepare
Registering precompiled user dll's ...
Registered in 0.001718 seconds.
Begin MonoManager ReloadAssembly
Native extension for WindowsStandalone target not found
Refreshing native plugins compatible for Editor in 0.62 ms, found 1 plugins.
Preloading 0 native plugins for Editor in 0.00 ms.
Invoked RoslynAnalysisRunner static constructor.
RoslynAnalysisRunner will not be running.
RoslynAnalysisRunner has terminated.
Mono: successfully reloaded assembly
- Completed reload, in  1.592 seconds
Platform modules already initialized, skipping
Refreshing native plugins compatible for Editor in 0.55 ms, found 1 plugins.
Preloading 0 native plugins for Editor in 0.00 ms.
Unloading 1805 Unused Serialized files (Serialized files now loaded: 0)
System memory in use before: 88.2 MB.
System memory in use after: 88.3 MB.

Unloading 9 unused Assets to reduce memory usage. Loaded Objects now: 2405.
Total: 2.872200 ms (FindLiveObjects: 0.357200 ms CreateObjectMapping: 0.101200 ms MarkObjects: 2.269500 ms  DeleteObjects: 0.143000 ms)

========================================================================
Received Prepare
Registering precompiled user dll's ...
Registered in 0.001591 seconds.
Begin MonoManager ReloadAssembly
Native extension for WindowsStandalone target not found
Refreshing native plugins compatible for Editor in 0.62 ms, found 1 plugins.
Preloading 0 native plugins for Editor in 0.00 ms.
Invoked RoslynAnalysisRunner static constructor.
RoslynAnalysisRunner will not be running.
RoslynAnalysisRunner has terminated.
Mono: successfully reloaded assembly
- Completed reload, in  1.575 seconds
Platform modules already initialized, skipping
Refreshing native plugins compatible for Editor in 0.56 ms, found 1 plugins.
Preloading 0 native plugins for Editor in 0.00 ms.
Unloading 1805 Unused Serialized files (Serialized files now loaded: 0)
System memory in use before: 88.2 MB.
System memory in use after: 88.3 MB.

Unloading 9 unused Assets to reduce memory usage. Loaded Objects now: 2409.
Total: 3.824500 ms (FindLiveObjects: 0.416300 ms CreateObjectMapping: 0.103000 ms MarkObjects: 3.179600 ms  DeleteObjects: 0.123700 ms)

========================================================================
Received Prepare
Registering precompiled user dll's ...
Registered in 0.001794 seconds.
Begin MonoManager ReloadAssembly
Native extension for WindowsStandalone target not found
Refreshing native plugins compatible for Editor in 0.55 ms, found 1 plugins.
Preloading 0 native plugins for Editor in 0.00 ms.
Invoked RoslynAnalysisRunner static constructor.
RoslynAnalysisRunner will not be running.
RoslynAnalysisRunner has terminated.
Mono: successfully reloaded assembly
- Completed reload, in  1.570 seconds
Platform modules already initialized, skipping
Refreshing native plugins compatible for Editor in 0.62 ms, found 1 plugins.
Preloading 0 native plugins for Editor in 0.00 ms.
Unloading 1805 Unused Serialized files (Serialized files now loaded: 0)
System memory in use before: 88.3 MB.
System memory in use after: 88.3 MB.

Unloading 9 unused Assets to reduce memory usage. Loaded Objects now: 2413.
Total: 3.116100 ms (FindLiveObjects: 0.396300 ms CreateObjectMapping: 0.104600 ms MarkObjects: 2.516900 ms  DeleteObjects: 0.096400 ms)

========================================================================
Received Prepare
Registering precompiled user dll's ...
Registered in 0.001800 seconds.
Begin MonoManager ReloadAssembly
Native extension for WindowsStandalone target not found
Refreshing native plugins compatible for Editor in 0.59 ms, found 1 plugins.
Preloading 0 native plugins for Editor in 0.00 ms.
Invoked RoslynAnalysisRunner static constructor.
RoslynAnalysisRunner will not be running.
RoslynAnalysisRunner has terminated.
Mono: successfully reloaded assembly
- Completed reload, in  1.558 seconds
Platform modules already initialized, skipping
Refreshing native plugins compatible for Editor in 0.52 ms, found 1 plugins.
Preloading 0 native plugins for Editor in 0.00 ms.
Unloading 1805 Unused Serialized files (Serialized files now loaded: 0)
System memory in use before: 88.3 MB.
System memory in use after: 88.3 MB.

Unloading 9 unused Assets to reduce memory usage. Loaded Objects now: 2417.
Total: 3.081800 ms (FindLiveObjects: 0.383600 ms CreateObjectMapping: 0.112400 ms MarkObjects: 2.471500 ms  DeleteObjects: 0.112600 ms)

========================================================================
Received Prepare
Registering precompiled user dll's ...
Registered in 0.002048 seconds.
Begin MonoManager ReloadAssembly
Native extension for WindowsStandalone target not found
Refreshing native plugins compatible for Editor in 0.61 ms, found 1 plugins.
Preloading 0 native plugins for Editor in 0.00 ms.
Invoked RoslynAnalysisRunner static constructor.
RoslynAnalysisRunner will not be running.
RoslynAnalysisRunner has terminated.
Mono: successfully reloaded assembly
- Completed reload, in  1.611 seconds
Platform modules already initialized, skipping
Refreshing native plugins compatible for Editor in 0.60 ms, found 1 plugins.
Preloading 0 native plugins for Editor in 0.00 ms.
Unloading 1805 Unused Serialized files (Serialized files now loaded: 0)
System memory in use before: 88.3 MB.
System memory in use after: 88.3 MB.

Unloading 9 unused Assets to reduce memory usage. Loaded Objects now: 2421.
Total: 3.037100 ms (FindLiveObjects: 0.360600 ms CreateObjectMapping: 0.102000 ms MarkObjects: 2.472300 ms  DeleteObjects: 0.101100 ms)

========================================================================
Received Prepare
Registering precompiled user dll's ...
Registered in 0.002187 seconds.
Begin MonoManager ReloadAssembly
Native extension for WindowsStandalone target not found
Refreshing native plugins compatible for Editor in 0.55 ms, found 1 plugins.
Preloading 0 native plugins for Editor in 0.00 ms.
Invoked RoslynAnalysisRunner static constructor.
RoslynAnalysisRunner will not be running.
RoslynAnalysisRunner has terminated.
Mono: successfully reloaded assembly
- Completed reload, in  1.557 seconds
Platform modules already initialized, skipping
Refreshing native plugins compatible for Editor in 0.50 ms, found 1 plugins.
Preloading 0 native plugins for Editor in 0.00 ms.
Unloading 1805 Unused Serialized files (Serialized files now loaded: 0)
System memory in use before: 88.3 MB.
System memory in use after: 88.3 MB.

Unloading 9 unused Assets to reduce memory usage. Loaded Objects now: 2425.
Total: 2.899900 ms (FindLiveObjects: 0.365300 ms CreateObjectMapping: 0.105900 ms MarkObjects: 2.341200 ms  DeleteObjects: 0.085700 ms)

========================================================================
Received Prepare
Registering precompiled user dll's ...
Registered in 0.001782 seconds.
Begin MonoManager ReloadAssembly
Native extension for WindowsStandalone target not found
Refreshing native plugins compatible for Editor in 0.55 ms, found 1 plugins.
Preloading 0 native plugins for Editor in 0.00 ms.
Invoked RoslynAnalysisRunner static constructor.
RoslynAnalysisRunner will not be running.
RoslynAnalysisRunner has terminated.
Mono: successfully reloaded assembly
- Completed reload, in  1.487 seconds
Platform modules already initialized, skipping
Refreshing native plugins compatible for Editor in 0.60 ms, found 1 plugins.
Preloading 0 native plugins for Editor in 0.00 ms.
Unloading 1805 Unused Serialized files (Serialized files now loaded: 0)
System memory in use before: 88.3 MB.
System memory in use after: 88.4 MB.

Unloading 9 unused Assets to reduce memory usage. Loaded Objects now: 2429.
Total: 3.006300 ms (FindLiveObjects: 0.407400 ms CreateObjectMapping: 0.105800 ms MarkObjects: 2.383300 ms  DeleteObjects: 0.108400 ms)

========================================================================
Received Prepare
Registering precompiled user dll's ...
Registered in 0.001881 seconds.
Begin MonoManager ReloadAssembly
Native extension for WindowsStandalone target not found
Refreshing native plugins compatible for Editor in 0.55 ms, found 1 plugins.
Preloading 0 native plugins for Editor in 0.00 ms.
Invoked RoslynAnalysisRunner static constructor.
RoslynAnalysisRunner will not be running.
RoslynAnalysisRunner has terminated.
Mono: successfully reloaded assembly
- Completed reload, in  1.455 seconds
Platform modules already initialized, skipping
Refreshing native plugins compatible for Editor in 0.50 ms, found 1 plugins.
Preloading 0 native plugins for Editor in 0.00 ms.
Unloading 1805 Unused Serialized files (Serialized files now loaded: 0)
System memory in use before: 88.3 MB.
System memory in use after: 88.4 MB.

Unloading 9 unused Assets to reduce memory usage. Loaded Objects now: 2433.
Total: 2.752300 ms (FindLiveObjects: 0.336900 ms CreateObjectMapping: 0.092100 ms MarkObjects: 2.228100 ms  DeleteObjects: 0.093900 ms)

========================================================================
Received Prepare
Registering precompiled user dll's ...
Registered in 0.002040 seconds.
Begin MonoManager ReloadAssembly
Native extension for WindowsStandalone target not found
Refreshing native plugins compatible for Editor in 0.56 ms, found 1 plugins.
Preloading 0 native plugins for Editor in 0.00 ms.
Invoked RoslynAnalysisRunner static constructor.
RoslynAnalysisRunner will not be running.
RoslynAnalysisRunner has terminated.
Mono: successfully reloaded assembly
- Completed reload, in  1.464 seconds
Platform modules already initialized, skipping
Refreshing native plugins compatible for Editor in 0.52 ms, found 1 plugins.
Preloading 0 native plugins for Editor in 0.00 ms.
Unloading 1805 Unused Serialized files (Serialized files now loaded: 0)
System memory in use before: 88.3 MB.
System memory in use after: 88.4 MB.

Unloading 9 unused Assets to reduce memory usage. Loaded Objects now: 2437.
Total: 3.054500 ms (FindLiveObjects: 0.388700 ms CreateObjectMapping: 0.103700 ms MarkObjects: 2.465600 ms  DeleteObjects: 0.095000 ms)

========================================================================
Received Prepare
Registering precompiled user dll's ...
Registered in 0.001885 seconds.
Begin MonoManager ReloadAssembly
Native extension for WindowsStandalone target not found
Refreshing native plugins compatible for Editor in 0.60 ms, found 1 plugins.
Preloading 0 native plugins for Editor in 0.00 ms.
Invoked RoslynAnalysisRunner static constructor.
RoslynAnalysisRunner will not be running.
RoslynAnalysisRunner has terminated.
Mono: successfully reloaded assembly
- Completed reload, in  1.517 seconds
Platform modules already initialized, skipping
Refreshing native plugins compatible for Editor in 1.18 ms, found 1 plugins.
Preloading 0 native plugins for Editor in 0.00 ms.
Unloading 1805 Unused Serialized files (Serialized files now loaded: 0)
System memory in use before: 88.3 MB.
System memory in use after: 88.4 MB.

Unloading 9 unused Assets to reduce memory usage. Loaded Objects now: 2441.
Total: 2.872100 ms (FindLiveObjects: 0.351600 ms CreateObjectMapping: 0.095700 ms MarkObjects: 2.332900 ms  DeleteObjects: 0.090600 ms)

========================================================================
Received Prepare
Registering precompiled user dll's ...
Registered in 0.002551 seconds.
Begin MonoManager ReloadAssembly
Native extension for WindowsStandalone target not found
Refreshing native plugins compatible for Editor in 0.59 ms, found 1 plugins.
Preloading 0 native plugins for Editor in 0.00 ms.
Invoked RoslynAnalysisRunner static constructor.
RoslynAnalysisRunner will not be running.
RoslynAnalysisRunner has terminated.
Mono: successfully reloaded assembly
- Completed reload, in  1.526 seconds
Platform modules already initialized, skipping
Refreshing native plugins compatible for Editor in 0.49 ms, found 1 plugins.
Preloading 0 native plugins for Editor in 0.00 ms.
Unloading 1805 Unused Serialized files (Serialized files now loaded: 0)
System memory in use before: 88.3 MB.
System memory in use after: 88.4 MB.

Unloading 9 unused Assets to reduce memory usage. Loaded Objects now: 2445.
Total: 3.031000 ms (FindLiveObjects: 0.504100 ms CreateObjectMapping: 0.154700 ms MarkObjects: 2.282300 ms  DeleteObjects: 0.088300 ms)

========================================================================
Received Prepare
Registering precompiled user dll's ...
Registered in 0.001806 seconds.
Begin MonoManager ReloadAssembly
Native extension for WindowsStandalone target not found
Refreshing native plugins compatible for Editor in 0.55 ms, found 1 plugins.
Preloading 0 native plugins for Editor in 0.00 ms.
Invoked RoslynAnalysisRunner static constructor.
RoslynAnalysisRunner will not be running.
RoslynAnalysisRunner has terminated.
Mono: successfully reloaded assembly
- Completed reload, in  1.492 seconds
Platform modules already initialized, skipping
Refreshing native plugins compatible for Editor in 0.63 ms, found 1 plugins.
Preloading 0 native plugins for Editor in 0.00 ms.
Unloading 1805 Unused Serialized files (Serialized files now loaded: 0)
System memory in use before: 88.3 MB.
System memory in use after: 88.4 MB.

Unloading 9 unused Assets to reduce memory usage. Loaded Objects now: 2449.
Total: 2.953300 ms (FindLiveObjects: 0.370000 ms CreateObjectMapping: 0.102900 ms MarkObjects: 2.384000 ms  DeleteObjects: 0.095300 ms)

========================================================================
Received Prepare
Registering precompiled user dll's ...
Registered in 0.001648 seconds.
Begin MonoManager ReloadAssembly
Native extension for WindowsStandalone target not found
Refreshing native plugins compatible for Editor in 0.67 ms, found 1 plugins.
Preloading 0 native plugins for Editor in 0.00 ms.
Invoked RoslynAnalysisRunner static constructor.
RoslynAnalysisRunner will not be running.
RoslynAnalysisRunner has terminated.
Mono: successfully reloaded assembly
- Completed reload, in  1.471 seconds
Platform modules already initialized, skipping
Refreshing native plugins compatible for Editor in 0.49 ms, found 1 plugins.
Preloading 0 native plugins for Editor in 0.00 ms.
Unloading 1805 Unused Serialized files (Serialized files now loaded: 0)
System memory in use before: 88.3 MB.
System memory in use after: 88.4 MB.

Unloading 9 unused Assets to reduce memory usage. Loaded Objects now: 2453.
Total: 2.804600 ms (FindLiveObjects: 0.348200 ms CreateObjectMapping: 0.110300 ms MarkObjects: 2.256800 ms  DeleteObjects: 0.088100 ms)

========================================================================
Received Import Request.
  Time since last request: 1088.401820 seconds.
  path: Assets/Scripts/Exit.cs
  artifactKey: Guid(65b9be5fd07eea844b65842c2d99eaab) Importer(815301076,1909f56bfc062723c751e8b465ee728b)
Start importing Assets/Scripts/Exit.cs using Guid(65b9be5fd07eea844b65842c2d99eaab) Importer(815301076,1909f56bfc062723c751e8b465ee728b)  -> (artifact id: 'd6f5b4b18f2560469dde86dedffb04fa') in 0.009419 seconds
  Import took 0.013962 seconds .

========================================================================
Received Prepare
Registering precompiled user dll's ...
Registered in 0.001875 seconds.
Begin MonoManager ReloadAssembly
Native extension for WindowsStandalone target not found
Refreshing native plugins compatible for Editor in 0.55 ms, found 1 plugins.
Preloading 0 native plugins for Editor in 0.00 ms.
Invoked RoslynAnalysisRunner static constructor.
RoslynAnalysisRunner will not be running.
RoslynAnalysisRunner has terminated.
Mono: successfully reloaded assembly
- Completed reload, in  1.530 seconds
Platform modules already initialized, skipping
Refreshing native plugins compatible for Editor in 0.49 ms, found 1 plugins.
Preloading 0 native plugins for Editor in 0.00 ms.
Unloading 1805 Unused Serialized files (Serialized files now loaded: 0)
System memory in use before: 88.4 MB.
System memory in use after: 88.4 MB.

Unloading 9 unused Assets to reduce memory usage. Loaded Objects now: 2457.
Total: 2.930700 ms (FindLiveObjects: 0.325800 ms CreateObjectMapping: 0.094600 ms MarkObjects: 2.417500 ms  DeleteObjects: 0.091400 ms)

========================================================================
Received Import Request.
  Time since last request: 81.884712 seconds.
  path: Assets/Scripts/Exit.cs
  artifactKey: Guid(65b9be5fd07eea844b65842c2d99eaab) Importer(815301076,1909f56bfc062723c751e8b465ee728b)
Start importing Assets/Scripts/Exit.cs using Guid(65b9be5fd07eea844b65842c2d99eaab) Importer(815301076,1909f56bfc062723c751e8b465ee728b)  -> (artifact id: '16d1323fce5a7c3ceeff2e0b73ccd23a') in 0.009803 seconds
  Import took 0.015527 seconds .

========================================================================
Received Import Request.
  Time since last request: 0.128727 seconds.
  path: Assets/Scripts/Exit.cs
  artifactKey: Guid(65b9be5fd07eea844b65842c2d99eaab) Importer(815301076,1909f56bfc062723c751e8b465ee728b)
Start importing Assets/Scripts/Exit.cs using Guid(65b9be5fd07eea844b65842c2d99eaab) Importer(815301076,1909f56bfc062723c751e8b465ee728b)  -> (artifact id: '16d1323fce5a7c3ceeff2e0b73ccd23a') in 0.006609 seconds
  Import took 0.011195 seconds .

========================================================================
Received Prepare
Registering precompiled user dll's ...
Registered in 0.001918 seconds.
Begin MonoManager ReloadAssembly
Native extension for WindowsStandalone target not found
Refreshing native plugins compatible for Editor in 0.55 ms, found 1 plugins.
Preloading 0 native plugins for Editor in 0.00 ms.
Invoked RoslynAnalysisRunner static constructor.
RoslynAnalysisRunner will not be running.
RoslynAnalysisRunner has terminated.
Mono: successfully reloaded assembly
- Completed reload, in  1.510 seconds
Platform modules already initialized, skipping
Refreshing native plugins compatible for Editor in 0.51 ms, found 1 plugins.
Preloading 0 native plugins for Editor in 0.00 ms.
Unloading 1805 Unused Serialized files (Serialized files now loaded: 0)
System memory in use before: 88.4 MB.
System memory in use after: 88.4 MB.

Unloading 9 unused Assets to reduce memory usage. Loaded Objects now: 2461.
Total: 3.036100 ms (FindLiveObjects: 0.371400 ms CreateObjectMapping: 0.103500 ms MarkObjects: 2.456600 ms  DeleteObjects: 0.103200 ms)

========================================================================
Received Import Request.
  Time since last request: 73.103567 seconds.
  path: Assets/Scripts/Exit.cs
  artifactKey: Guid(65b9be5fd07eea844b65842c2d99eaab) Importer(815301076,1909f56bfc062723c751e8b465ee728b)
Start importing Assets/Scripts/Exit.cs using Guid(65b9be5fd07eea844b65842c2d99eaab) Importer(815301076,1909f56bfc062723c751e8b465ee728b)  -> (artifact id: '5ea7b384fde123c68e4219dafe3c36a2') in 0.008385 seconds
  Import took 0.014328 seconds .

========================================================================
Received Import Request.
  Time since last request: 0.000504 seconds.
  path: Assets/Scripts/Exit.cs
  artifactKey: Guid(65b9be5fd07eea844b65842c2d99eaab) Importer(815301076,1909f56bfc062723c751e8b465ee728b)
Start importing Assets/Scripts/Exit.cs using Guid(65b9be5fd07eea844b65842c2d99eaab) Importer(815301076,1909f56bfc062723c751e8b465ee728b)  -> (artifact id: '5ea7b384fde123c68e4219dafe3c36a2') in 0.004798 seconds
  Import took 0.010436 seconds .

========================================================================
Received Prepare
Registering precompiled user dll's ...
Registered in 0.001758 seconds.
Begin MonoManager ReloadAssembly
Native extension for WindowsStandalone target not found
Refreshing native plugins compatible for Editor in 0.54 ms, found 1 plugins.
Preloading 0 native plugins for Editor in 0.00 ms.
Invoked RoslynAnalysisRunner static constructor.
RoslynAnalysisRunner will not be running.
RoslynAnalysisRunner has terminated.
Mono: successfully reloaded assembly
- Completed reload, in  1.550 seconds
Platform modules already initialized, skipping
Refreshing native plugins compatible for Editor in 0.53 ms, found 1 plugins.
Preloading 0 native plugins for Editor in 0.00 ms.
Unloading 1805 Unused Serialized files (Serialized files now loaded: 0)
System memory in use before: 88.4 MB.
System memory in use after: 88.4 MB.

Unloading 9 unused Assets to reduce memory usage. Loaded Objects now: 2465.
Total: 2.795200 ms (FindLiveObjects: 0.359000 ms CreateObjectMapping: 0.095500 ms MarkObjects: 2.242700 ms  DeleteObjects: 0.096500 ms)

========================================================================
Received Import Request.
  Time since last request: 77.540796 seconds.
  path: Assets/Scripts/Exit.cs
  artifactKey: Guid(65b9be5fd07eea844b65842c2d99eaab) Importer(815301076,1909f56bfc062723c751e8b465ee728b)
Start importing Assets/Scripts/Exit.cs using Guid(65b9be5fd07eea844b65842c2d99eaab) Importer(815301076,1909f56bfc062723c751e8b465ee728b)  -> (artifact id: 'a1e803180009f84bd77a552f48b4d948') in 0.007078 seconds
  Import took 0.014837 seconds .

========================================================================
Received Import Request.
  Time since last request: 0.127161 seconds.
  path: Assets/Scripts/Exit.cs
  artifactKey: Guid(65b9be5fd07eea844b65842c2d99eaab) Importer(815301076,1909f56bfc062723c751e8b465ee728b)
Start importing Assets/Scripts/Exit.cs using Guid(65b9be5fd07eea844b65842c2d99eaab) Importer(815301076,1909f56bfc062723c751e8b465ee728b)  -> (artifact id: 'a1e803180009f84bd77a552f48b4d948') in 0.003938 seconds
  Import took 0.010904 seconds .

========================================================================
Received Prepare
Registering precompiled user dll's ...
Registered in 0.002064 seconds.
Begin MonoManager ReloadAssembly
Native extension for WindowsStandalone target not found
Refreshing native plugins compatible for Editor in 0.57 ms, found 1 plugins.
Preloading 0 native plugins for Editor in 0.00 ms.
Invoked RoslynAnalysisRunner static constructor.
RoslynAnalysisRunner will not be running.
RoslynAnalysisRunner has terminated.
Mono: successfully reloaded assembly
- Completed reload, in  1.571 seconds
Platform modules already initialized, skipping
Refreshing native plugins compatible for Editor in 0.53 ms, found 1 plugins.
Preloading 0 native plugins for Editor in 0.00 ms.
Unloading 1805 Unused Serialized files (Serialized files now loaded: 0)
System memory in use before: 88.4 MB.
System memory in use after: 88.5 MB.

Unloading 9 unused Assets to reduce memory usage. Loaded Objects now: 2469.
Total: 2.942300 ms (FindLiveObjects: 0.380000 ms CreateObjectMapping: 0.108000 ms MarkObjects: 2.358000 ms  DeleteObjects: 0.095000 ms)

========================================================================
Received Import Request.
  Time since last request: 80.316312 seconds.
  path: Assets/Scripts/Exit.cs
  artifactKey: Guid(65b9be5fd07eea844b65842c2d99eaab) Importer(815301076,1909f56bfc062723c751e8b465ee728b)
Start importing Assets/Scripts/Exit.cs using Guid(65b9be5fd07eea844b65842c2d99eaab) Importer(815301076,1909f56bfc062723c751e8b465ee728b)  -> (artifact id: '7a99d91dc295e25390add556b240b4f8') in 0.007118 seconds
  Import took 0.018476 seconds .

========================================================================
Received Import Request.
  Time since last request: 0.084762 seconds.
  path: Assets/Scripts/Exit.cs
  artifactKey: Guid(65b9be5fd07eea844b65842c2d99eaab) Importer(815301076,1909f56bfc062723c751e8b465ee728b)
Start importing Assets/Scripts/Exit.cs using Guid(65b9be5fd07eea844b65842c2d99eaab) Importer(815301076,1909f56bfc062723c751e8b465ee728b)  -> (artifact id: '7a99d91dc295e25390add556b240b4f8') in 0.005005 seconds
  Import took 0.009175 seconds .

========================================================================
Received Prepare
Registering precompiled user dll's ...
Registered in 0.001840 seconds.
Begin MonoManager ReloadAssembly
Native extension for WindowsStandalone target not found
Refreshing native plugins compatible for Editor in 0.54 ms, found 1 plugins.
Preloading 0 native plugins for Editor in 0.00 ms.
Invoked RoslynAnalysisRunner static constructor.
RoslynAnalysisRunner will not be running.
RoslynAnalysisRunner has terminated.
Mono: successfully reloaded assembly
- Completed reload, in  1.518 seconds
Platform modules already initialized, skipping
Refreshing native plugins compatible for Editor in 0.58 ms, found 1 plugins.
Preloading 0 native plugins for Editor in 0.00 ms.
Unloading 1805 Unused Serialized files (Serialized files now loaded: 0)
System memory in use before: 88.4 MB.
System memory in use after: 88.5 MB.

Unloading 9 unused Assets to reduce memory usage. Loaded Objects now: 2473.
Total: 2.985400 ms (FindLiveObjects: 0.514900 ms CreateObjectMapping: 0.125600 ms MarkObjects: 2.253600 ms  DeleteObjects: 0.090000 ms)

========================================================================
Received Import Request.
  Time since last request: 101.841599 seconds.
  path: Assets/Scripts/Exit.cs
  artifactKey: Guid(65b9be5fd07eea844b65842c2d99eaab) Importer(815301076,1909f56bfc062723c751e8b465ee728b)
Start importing Assets/Scripts/Exit.cs using Guid(65b9be5fd07eea844b65842c2d99eaab) Importer(815301076,1909f56bfc062723c751e8b465ee728b)  -> (artifact id: 'cc47b99256168509f85d53722acc1786') in 0.007352 seconds
  Import took 0.012637 seconds .

========================================================================
Received Import Request.
  Time since last request: 0.132413 seconds.
  path: Assets/Scripts/Exit.cs
  artifactKey: Guid(65b9be5fd07eea844b65842c2d99eaab) Importer(815301076,1909f56bfc062723c751e8b465ee728b)
Start importing Assets/Scripts/Exit.cs using Guid(65b9be5fd07eea844b65842c2d99eaab) Importer(815301076,1909f56bfc062723c751e8b465ee728b)  -> (artifact id: 'cc47b99256168509f85d53722acc1786') in 0.003905 seconds
  Import took 0.009072 seconds .

========================================================================
Received Prepare
Registering precompiled user dll's ...
Registered in 0.001650 seconds.
Begin MonoManager ReloadAssembly
Native extension for WindowsStandalone target not found
Refreshing native plugins compatible for Editor in 0.60 ms, found 1 plugins.
Preloading 0 native plugins for Editor in 0.00 ms.
Invoked RoslynAnalysisRunner static constructor.
RoslynAnalysisRunner will not be running.
RoslynAnalysisRunner has terminated.
Mono: successfully reloaded assembly
- Completed reload, in  1.614 seconds
Platform modules already initialized, skipping
Refreshing native plugins compatible for Editor in 1.04 ms, found 1 plugins.
Preloading 0 native plugins for Editor in 0.00 ms.
Unloading 1805 Unused Serialized files (Serialized files now loaded: 0)
System memory in use before: 88.4 MB.
System memory in use after: 88.5 MB.

Unloading 9 unused Assets to reduce memory usage. Loaded Objects now: 2477.
Total: 3.427800 ms (FindLiveObjects: 0.453400 ms CreateObjectMapping: 0.100500 ms MarkObjects: 2.755400 ms  DeleteObjects: 0.117000 ms)

========================================================================
Received Prepare
Registering precompiled user dll's ...
Registered in 0.001883 seconds.
Begin MonoManager ReloadAssembly
Native extension for WindowsStandalone target not found
Refreshing native plugins compatible for Editor in 0.57 ms, found 1 plugins.
Preloading 0 native plugins for Editor in 0.00 ms.
Invoked RoslynAnalysisRunner static constructor.
RoslynAnalysisRunner will not be running.
RoslynAnalysisRunner has terminated.
Mono: successfully reloaded assembly
- Completed reload, in  1.545 seconds
Platform modules already initialized, skipping
Refreshing native plugins compatible for Editor in 0.56 ms, found 1 plugins.
Preloading 0 native plugins for Editor in 0.00 ms.
Unloading 1805 Unused Serialized files (Serialized files now loaded: 0)
System memory in use before: 88.4 MB.
System memory in use after: 88.5 MB.

Unloading 9 unused Assets to reduce memory usage. Loaded Objects now: 2481.
Total: 2.864500 ms (FindLiveObjects: 0.373100 ms CreateObjectMapping: 0.103200 ms MarkObjects: 2.295600 ms  DeleteObjects: 0.091100 ms)

========================================================================
Received Prepare
Registering precompiled user dll's ...
Registered in 0.002018 seconds.
Begin MonoManager ReloadAssembly
Native extension for WindowsStandalone target not found
Refreshing native plugins compatible for Editor in 0.62 ms, found 1 plugins.
Preloading 0 native plugins for Editor in 0.00 ms.
Invoked RoslynAnalysisRunner static constructor.
RoslynAnalysisRunner will not be running.
RoslynAnalysisRunner has terminated.
Mono: successfully reloaded assembly
- Completed reload, in  1.595 seconds
Platform modules already initialized, skipping
Refreshing native plugins compatible for Editor in 0.64 ms, found 1 plugins.
Preloading 0 native plugins for Editor in 0.00 ms.
Unloading 1805 Unused Serialized files (Serialized files now loaded: 0)
System memory in use before: 88.4 MB.
System memory in use after: 88.5 MB.

Unloading 9 unused Assets to reduce memory usage. Loaded Objects now: 2485.
Total: 2.999500 ms (FindLiveObjects: 0.354400 ms CreateObjectMapping: 0.106100 ms MarkObjects: 2.430000 ms  DeleteObjects: 0.107600 ms)

========================================================================
Received Prepare
Registering precompiled user dll's ...
Registered in 0.001890 seconds.
Begin MonoManager ReloadAssembly
Native extension for WindowsStandalone target not found
Refreshing native plugins compatible for Editor in 0.55 ms, found 1 plugins.
Preloading 0 native plugins for Editor in 0.00 ms.
Invoked RoslynAnalysisRunner static constructor.
RoslynAnalysisRunner will not be running.
RoslynAnalysisRunner has terminated.
Mono: successfully reloaded assembly
- Completed reload, in  1.488 seconds
Platform modules already initialized, skipping
Refreshing native plugins compatible for Editor in 0.57 ms, found 1 plugins.
Preloading 0 native plugins for Editor in 0.00 ms.
Unloading 1805 Unused Serialized files (Serialized files now loaded: 0)
System memory in use before: 88.4 MB.
System memory in use after: 88.5 MB.

Unloading 9 unused Assets to reduce memory usage. Loaded Objects now: 2489.
Total: 3.170600 ms (FindLiveObjects: 0.483100 ms CreateObjectMapping: 0.123900 ms MarkObjects: 2.463800 ms  DeleteObjects: 0.097800 ms)

========================================================================
Received Prepare
Registering precompiled user dll's ...
Registered in 0.002715 seconds.
Begin MonoManager ReloadAssembly
Native extension for WindowsStandalone target not found
Refreshing native plugins compatible for Editor in 0.60 ms, found 1 plugins.
Preloading 0 native plugins for Editor in 0.00 ms.
Invoked RoslynAnalysisRunner static constructor.
RoslynAnalysisRunner will not be running.
RoslynAnalysisRunner has terminated.
Mono: successfully reloaded assembly
- Completed reload, in  1.549 seconds
Platform modules already initialized, skipping
Refreshing native plugins compatible for Editor in 0.52 ms, found 1 plugins.
Preloading 0 native plugins for Editor in 0.00 ms.
Unloading 1805 Unused Serialized files (Serialized files now loaded: 0)
System memory in use before: 88.4 MB.
System memory in use after: 88.5 MB.

Unloading 9 unused Assets to reduce memory usage. Loaded Objects now: 2493.
Total: 3.450400 ms (FindLiveObjects: 0.407100 ms CreateObjectMapping: 0.113500 ms MarkObjects: 2.822400 ms  DeleteObjects: 0.105800 ms)

AssetImportWorkerClient::OnTransportError - code=2 error=End of file
